#
# There is insufficient memory for the Java Runtime Environment to continue.
# Native memory allocation (mmap) failed to map 29360128 bytes. Error detail: G1 virtual space
# Possible reasons:
#   The system is out of physical RAM or swap space
#   This process is running with CompressedOops enabled, and the Java Heap may be blocking the growth of the native heap
# Possible solutions:
#   Reduce memory load on the system
#   Increase physical memory or swap space
#   Check if swap backing store is full
#   Decrease Java heap size (-Xmx/-Xms)
#   Decrease number of Java threads
#   Decrease Java thread stack sizes (-Xss)
#   Set larger code cache with -XX:ReservedCodeCacheSize=
#   JVM is running with Unscaled Compressed Oops mode in which the Java heap is
#     placed in the first 4GB address space. The Java Heap base address is the
#     maximum limit for the native heap growth. Please use -XX:HeapBaseMinAddress
#     to set the Java Heap base and to place the Java Heap above 4GB virtual address.
# This output file may be truncated or incomplete.
#
#  Out of Memory Error (os_windows.cpp:3703), pid=8176, tid=2804
#
# JRE version: OpenJDK Runtime Environment (23.0.1+11) (build 23.0.1+11-39)
# Java VM: OpenJDK 64-Bit Server VM (23.0.1+11-39, mixed mode, sharing, tiered, compressed oops, compressed class ptrs, g1 gc, windows-amd64)
# No core dump will be written. Minidumps are not enabled by default on client versions of Windows
#

---------------  S U M M A R Y ------------

Command Line: --add-opens=java.base/java.util=ALL-UNNAMED --add-opens=java.base/java.lang=ALL-UNNAMED --add-opens=java.base/java.lang.invoke=ALL-UNNAMED --add-opens=java.prefs/java.util.prefs=ALL-UNNAMED --add-exports=jdk.compiler/com.sun.tools.javac.api=ALL-UNNAMED --add-exports=jdk.compiler/com.sun.tools.javac.util=ALL-UNNAMED --add-opens=java.base/java.nio.charset=ALL-UNNAMED --add-opens=java.base/java.net=ALL-UNNAMED --add-opens=java.base/java.util.concurrent.atomic=ALL-UNNAMED -Xmx2048m -Dfile.encoding=UTF-8 -Duser.country=US -Duser.language=en -Duser.variant -javaagent:C:\Users\wwwam\.gradle\wrapper\dists\gradle-8.9-bin\90cnw93cvbtalezasaz0blq0a\gradle-8.9\lib\agents\gradle-instrumentation-agent-8.9.jar org.gradle.launcher.daemon.bootstrap.GradleDaemon 8.9

Host: Intel(R) Core(TM) i3-4005U CPU @ 1.70GHz, 4 cores, 3G,  Windows 10 , 64 bit Build 19041 (10.0.19041.5198)
Time: Sun Dec 22 21:39:35 2024 Russia TZ 4 Standard Time elapsed time: 249.724670 seconds (0d 0h 4m 9s)

---------------  T H R E A D  ---------------

Current thread (0x0000021504148080):  VMThread "VM Thread"          [id=2804, stack(0x000000afa5800000,0x000000afa5900000) (1024K)]

Stack: [0x000000afa5800000,0x000000afa5900000]
Native frames: (J=compiled Java code, j=interpreted, Vv=VM code, C=native code)
V  [jvm.dll+0x6e08b9]  (no source info available)
V  [jvm.dll+0x87dc83]  (no source info available)
V  [jvm.dll+0x88010e]  (no source info available)
V  [jvm.dll+0x8807e3]  (no source info available)
V  [jvm.dll+0x27aee6]  (no source info available)
V  [jvm.dll+0x6dd1c5]  (no source info available)
V  [jvm.dll+0x6d104a]  (no source info available)
V  [jvm.dll+0x35b3ea]  (no source info available)
V  [jvm.dll+0x3637f6]  (no source info available)
V  [jvm.dll+0x34fd5e]  (no source info available)
V  [jvm.dll+0x34fff8]  (no source info available)
V  [jvm.dll+0x3289cc]  (no source info available)
V  [jvm.dll+0x32b3b9]  (no source info available)
V  [jvm.dll+0x335f74]  (no source info available)
V  [jvm.dll+0x372d55]  (no source info available)
V  [jvm.dll+0x886720]  (no source info available)
V  [jvm.dll+0x887a47]  (no source info available)
V  [jvm.dll+0x887f78]  (no source info available)
V  [jvm.dll+0x888213]  (no source info available)
V  [jvm.dll+0x824f8b]  (no source info available)
V  [jvm.dll+0x6df065]  (no source info available)
C  [ucrtbase.dll+0x21bb2]  (no source info available)
C  [KERNEL32.DLL+0x17374]  (no source info available)
C  [ntdll.dll+0x4cc91]  (no source info available)

VM_Operation (0x000000afa53ff910): G1PauseRemark, mode: safepoint, requested by thread 0x0000021567bd0850


---------------  P R O C E S S  ---------------

Threads class SMR info:
_java_thread_list=0x000002155c0ebba0, length=57, elements={
0x000002156593f590, 0x000002150415a4e0, 0x000002150415d210, 0x000002150415ff10,
0x0000021504160970, 0x0000021504161b70, 0x0000021504186280, 0x00000215041897c0,
0x000002150418ee30, 0x00000215042b01f0, 0x0000021504463b30, 0x00000215041e23e0,
0x000002154a6af2a0, 0x000002154a20ed80, 0x00000215046d4b70, 0x00000215043465d0,
0x000002154a3af550, 0x000002154a850150, 0x000002154a851b90, 0x000002154a84f430,
0x000002154a84fac0, 0x000002154a850e70, 0x000002154a851500, 0x000002154a84e710,
0x00000215048bfc40, 0x00000215048bd4e0, 0x00000215048ba6f0, 0x00000215048c02d0,
0x00000215048bf5b0, 0x00000215048bc130, 0x00000215048bdb70, 0x00000215048be200,
0x00000215048bc7c0, 0x00000215048bef20, 0x00000215048b99d0, 0x00000215048b9340,
0x000002154cdd8d40, 0x000002154cdd93d0, 0x000002154cdd86b0, 0x000002154cddb4a0,
0x000002154cdda780, 0x000002154cdd9a60, 0x000002154cdda0f0, 0x000002154cddae10,
0x000002154cdd8020, 0x00000215048bb410, 0x000002154b46eae0, 0x000002154b46afd0,
0x000002154b468f00, 0x000002154b46b660, 0x000002154b46bcf0, 0x000002154b46c380,
0x000002154b46d0a0, 0x000002154b467b50, 0x000002154b46f170, 0x000002155c9ad070,
0x000002155c9aeab0
}

Java Threads: ( => current thread )
  0x000002156593f590 JavaThread "main"                              [_thread_blocked, id=7008, stack(0x000000afa5100000,0x000000afa5200000) (1024K)]
  0x000002150415a4e0 JavaThread "Reference Handler"          daemon [_thread_blocked, id=6452, stack(0x000000afa5900000,0x000000afa5a00000) (1024K)]
  0x000002150415d210 JavaThread "Finalizer"                  daemon [_thread_blocked, id=7552, stack(0x000000afa5a00000,0x000000afa5b00000) (1024K)]
  0x000002150415ff10 JavaThread "Signal Dispatcher"          daemon [_thread_blocked, id=4592, stack(0x000000afa5b00000,0x000000afa5c00000) (1024K)]
  0x0000021504160970 JavaThread "Attach Listener"            daemon [_thread_blocked, id=10784, stack(0x000000afa5c00000,0x000000afa5d00000) (1024K)]
  0x0000021504161b70 JavaThread "Service Thread"             daemon [_thread_blocked, id=8120, stack(0x000000afa5d00000,0x000000afa5e00000) (1024K)]
  0x0000021504186280 JavaThread "Monitor Deflation Thread"   daemon [_thread_blocked, id=5196, stack(0x000000afa5e00000,0x000000afa5f00000) (1024K)]
  0x00000215041897c0 JavaThread "C2 CompilerThread0"         daemon [_thread_blocked, id=4860, stack(0x000000afa5f00000,0x000000afa6000000) (1024K)]
  0x000002150418ee30 JavaThread "C1 CompilerThread0"         daemon [_thread_blocked, id=7444, stack(0x000000afa6000000,0x000000afa6100000) (1024K)]
  0x00000215042b01f0 JavaThread "Common-Cleaner"             daemon [_thread_blocked, id=6468, stack(0x000000afa6100000,0x000000afa6200000) (1024K)]
  0x0000021504463b30 JavaThread "Notification Thread"        daemon [_thread_blocked, id=9188, stack(0x000000afa6200000,0x000000afa6300000) (1024K)]
  0x00000215041e23e0 JavaThread "Daemon health stats"               [_thread_blocked, id=5788, stack(0x000000afa6600000,0x000000afa6700000) (1024K)]
  0x000002154a6af2a0 JavaThread "Incoming local TCP Connector on port 53885"        [_thread_in_native, id=6804, stack(0x000000afa6700000,0x000000afa6800000) (1024K)]
  0x000002154a20ed80 JavaThread "Daemon periodic checks"            [_thread_blocked, id=10000, stack(0x000000afa6800000,0x000000afa6900000) (1024K)]
  0x00000215046d4b70 JavaThread "Daemon"                            [_thread_blocked, id=2264, stack(0x000000afa6900000,0x000000afa6a00000) (1024K)]
  0x00000215043465d0 JavaThread "Handler for socket connection from /127.0.0.1:53885 to /127.0.0.1:53886"        [_thread_in_native, id=3408, stack(0x000000afa6a00000,0x000000afa6b00000) (1024K)]
  0x000002154a3af550 JavaThread "Cancel handler"                    [_thread_blocked, id=5812, stack(0x000000afa6b00000,0x000000afa6c00000) (1024K)]
  0x000002154a850150 JavaThread "Daemon worker"                     [_thread_blocked, id=8556, stack(0x000000afa6c00000,0x000000afa6d00000) (1024K)]
  0x000002154a851b90 JavaThread "Asynchronous log dispatcher for DefaultDaemonConnection: socket connection from /127.0.0.1:53885 to /127.0.0.1:53886"        [_thread_blocked, id=2040, stack(0x000000afa6d00000,0x000000afa6e00000) (1024K)]
  0x000002154a84f430 JavaThread "Stdin handler"                     [_thread_blocked, id=10016, stack(0x000000afa6e00000,0x000000afa6f00000) (1024K)]
  0x000002154a84fac0 JavaThread "Daemon client event forwarder"        [_thread_blocked, id=7828, stack(0x000000afa6f00000,0x000000afa7000000) (1024K)]
  0x000002154a850e70 JavaThread "Cache worker for journal cache (C:\Users\wwwam\.gradle\caches\journal-1)"        [_thread_blocked, id=9448, stack(0x000000afa7000000,0x000000afa7100000) (1024K)]
  0x000002154a851500 JavaThread "File lock request listener"        [_thread_in_native, id=1636, stack(0x000000afa7100000,0x000000afa7200000) (1024K)]
  0x000002154a84e710 JavaThread "Cache worker for file hash cache (C:\Users\wwwam\.gradle\caches\8.9\fileHashes)"        [_thread_blocked, id=6300, stack(0x000000afa7200000,0x000000afa7300000) (1024K)]
  0x00000215048bfc40 JavaThread "Cache worker for file hash cache (C:\Users\wwwam\AndroidStudioProjects\MyApplication2\.gradle\8.9\fileHashes)"        [_thread_blocked, id=6772, stack(0x000000afa7300000,0x000000afa7400000) (1024K)]
  0x00000215048bd4e0 JavaThread "Cache worker for Build Output Cleanup Cache (C:\Users\wwwam\AndroidStudioProjects\MyApplication2\.gradle\buildOutputCleanup)"        [_thread_blocked, id=8416, stack(0x000000afa7400000,0x000000afa7500000) (1024K)]
  0x00000215048ba6f0 JavaThread "File watcher server"        daemon [_thread_blocked, id=8244, stack(0x000000afa7500000,0x000000afa7600000) (1024K)]
  0x00000215048c02d0 JavaThread "File watcher consumer"      daemon [_thread_blocked, id=9644, stack(0x000000afa7600000,0x000000afa7700000) (1024K)]
  0x00000215048bf5b0 JavaThread "jar transforms"                    [_thread_blocked, id=5036, stack(0x000000afa7700000,0x000000afa7800000) (1024K)]
  0x00000215048bc130 JavaThread "jar transforms Thread 2"           [_thread_blocked, id=4160, stack(0x000000afa7800000,0x000000afa7900000) (1024K)]
  0x00000215048bdb70 JavaThread "jar transforms Thread 3"           [_thread_blocked, id=7916, stack(0x000000afa7900000,0x000000afa7a00000) (1024K)]
  0x00000215048be200 JavaThread "jar transforms Thread 4"           [_thread_blocked, id=10944, stack(0x000000afa7a00000,0x000000afa7b00000) (1024K)]
  0x00000215048bc7c0 JavaThread "Cache worker for checksums cache (C:\Users\wwwam\AndroidStudioProjects\MyApplication2\.gradle\8.9\checksums)"        [_thread_blocked, id=5300, stack(0x000000afa7b00000,0x000000afa7c00000) (1024K)]
  0x00000215048bef20 JavaThread "Cache worker for file content cache (C:\Users\wwwam\.gradle\caches\8.9\fileContent)"        [_thread_blocked, id=3116, stack(0x000000afa7c00000,0x000000afa7d00000) (1024K)]
  0x00000215048b99d0 JavaThread "Cache worker for cache directory md-rule (C:\Users\wwwam\.gradle\caches\8.9\md-rule)"        [_thread_blocked, id=7952, stack(0x000000afa7d00000,0x000000afa7e00000) (1024K)]
  0x00000215048b9340 JavaThread "Cache worker for cache directory md-supplier (C:\Users\wwwam\.gradle\caches\8.9\md-supplier)"        [_thread_blocked, id=8252, stack(0x000000afa7e00000,0x000000afa7f00000) (1024K)]
  0x000002154cdd8d40 JavaThread "Unconstrained build operations"        [_thread_blocked, id=1052, stack(0x000000afa7f00000,0x000000afa8000000) (1024K)]
  0x000002154cdd93d0 JavaThread "Unconstrained build operations Thread 2"        [_thread_blocked, id=6372, stack(0x000000afa8000000,0x000000afa8100000) (1024K)]
  0x000002154cdd86b0 JavaThread "Unconstrained build operations Thread 3"        [_thread_blocked, id=10664, stack(0x000000afa8100000,0x000000afa8200000) (1024K)]
  0x000002154cddb4a0 JavaThread "Unconstrained build operations Thread 4"        [_thread_blocked, id=8064, stack(0x000000afa8200000,0x000000afa8300000) (1024K)]
  0x000002154cdda780 JavaThread "Unconstrained build operations Thread 5"        [_thread_blocked, id=3848, stack(0x000000afa4e00000,0x000000afa4f00000) (1024K)]
  0x000002154cdd9a60 JavaThread "Unconstrained build operations Thread 6"        [_thread_blocked, id=8460, stack(0x000000afa4f00000,0x000000afa5000000) (1024K)]
  0x000002154cdda0f0 JavaThread "Unconstrained build operations Thread 7"        [_thread_blocked, id=1108, stack(0x000000afa5000000,0x000000afa5100000) (1024K)]
  0x000002154cddae10 JavaThread "Unconstrained build operations Thread 8"        [_thread_blocked, id=3016, stack(0x000000afa8300000,0x000000afa8400000) (1024K)]
  0x000002154cdd8020 JavaThread "Unconstrained build operations Thread 9"        [_thread_blocked, id=1548, stack(0x000000afa8400000,0x000000afa8500000) (1024K)]
  0x00000215048bb410 JavaThread "Unconstrained build operations Thread 10"        [_thread_blocked, id=4812, stack(0x000000afa8500000,0x000000afa8600000) (1024K)]
  0x000002154b46eae0 JavaThread "Unconstrained build operations Thread 11"        [_thread_blocked, id=1100, stack(0x000000afa8600000,0x000000afa8700000) (1024K)]
  0x000002154b46afd0 JavaThread "Unconstrained build operations Thread 12"        [_thread_blocked, id=8968, stack(0x000000afa8700000,0x000000afa8800000) (1024K)]
  0x000002154b468f00 JavaThread "Unconstrained build operations Thread 13"        [_thread_blocked, id=7644, stack(0x000000afa8800000,0x000000afa8900000) (1024K)]
  0x000002154b46b660 JavaThread "Unconstrained build operations Thread 14"        [_thread_blocked, id=2220, stack(0x000000afa8900000,0x000000afa8a00000) (1024K)]
  0x000002154b46bcf0 JavaThread "Unconstrained build operations Thread 15"        [_thread_blocked, id=9028, stack(0x000000afa8a00000,0x000000afa8b00000) (1024K)]
  0x000002154b46c380 JavaThread "Unconstrained build operations Thread 16"        [_thread_blocked, id=7480, stack(0x000000afa8b00000,0x000000afa8c00000) (1024K)]
  0x000002154b46d0a0 JavaThread "Unconstrained build operations Thread 17"        [_thread_blocked, id=5444, stack(0x000000afa8c00000,0x000000afa8d00000) (1024K)]
  0x000002154b467b50 JavaThread "Unconstrained build operations Thread 18"        [_thread_blocked, id=7824, stack(0x000000afa8d00000,0x000000afa8e00000) (1024K)]
  0x000002154b46f170 JavaThread "Unconstrained build operations Thread 19"        [_thread_blocked, id=8564, stack(0x000000afa8e00000,0x000000afa8f00000) (1024K)]
  0x000002155c9ad070 JavaThread "Memory manager"                    [_thread_blocked, id=3548, stack(0x000000afa8f00000,0x000000afa9000000) (1024K)]
  0x000002155c9aeab0 JavaThread "build event listener"              [_thread_blocked, id=10676, stack(0x000000afa9000000,0x000000afa9100000) (1024K)]
Total: 57

Other Threads:
=>0x0000021504148080 VMThread "VM Thread"                           [id=2804, stack(0x000000afa5800000,0x000000afa5900000) (1024K)]
  0x0000021504136440 WatcherThread "VM Periodic Task Thread"        [id=1292, stack(0x000000afa5700000,0x000000afa5800000) (1024K)]
  0x0000021567bbb740 WorkerThread "GC Thread#0"                     [id=4336, stack(0x000000afa5200000,0x000000afa5300000) (1024K)]
  0x0000021504497d30 WorkerThread "GC Thread#1"                     [id=10716, stack(0x000000afa6400000,0x000000afa6500000) (1024K)]
  0x0000021504589930 WorkerThread "GC Thread#2"                     [id=7376, stack(0x000000afa6500000,0x000000afa6600000) (1024K)]
  0x000002154a079bd0 WorkerThread "GC Thread#3"                     [id=5892, stack(0x000000afa6300000,0x000000afa6400000) (1024K)]
  0x0000021567bd0850 ConcurrentGCThread "G1 Main Marker"            [id=6508, stack(0x000000afa5300000,0x000000afa5400000) (1024K)]
  0x0000021567bd2a20 WorkerThread "G1 Conc#0"                       [id=8088, stack(0x000000afa5400000,0x000000afa5500000) (1024K)]
  0x0000021504010090 ConcurrentGCThread "G1 Refine#0"               [id=3824, stack(0x000000afa5500000,0x000000afa5600000) (1024K)]
  0x0000021504010b20 ConcurrentGCThread "G1 Service"                [id=8220, stack(0x000000afa5600000,0x000000afa5700000) (1024K)]
Total: 10

Threads with active compile tasks:
C2 CompilerThread0  252022 14185       4       org.jetbrains.org.objectweb.asm.ClassReader::getFirstAttributeOffset (136 bytes)
Total: 1

VM state: at safepoint (normal execution)

VM Mutex/Monitor currently owned by a thread:  ([mutex/lock_event])
[0x00007ffb60633910] Threads_lock - owner thread: 0x0000021504148080
[0x00007ffb60633a10] Heap_lock - owner thread: 0x0000021567bd0850

Heap address: 0x0000000080000000, size: 2048 MB, Compressed Oops mode: 32-bit

CDS archive(s) mapped at: [0x0000021505000000-0x0000021505d70000-0x0000021505d70000), size 14090240, SharedBaseAddress: 0x0000021505000000, ArchiveRelocationMode: 1.
Compressed class space mapped at: 0x0000021506000000-0x0000021546000000, reserved size: 1073741824
Narrow klass base: 0x0000021505000000, Narrow klass shift: 0, Narrow klass range: 0x41000000

GC Precious Log:
 CardTable entry size: 512
 Card Set container configuration: InlinePtr #cards 5 size 8 Array Of Cards #cards 10 size 36 Howl #buckets 4 coarsen threshold 1843 Howl Bitmap #cards 512 size 80 coarsen threshold 460 Card regions per heap region 1 cards per card region 2048
 CPUs: 4 total, 4 available
 Memory: 4013M
 Large Page Support: Disabled
 NUMA Support: Disabled
 Compressed Oops: Enabled (32-bit)
 Heap Region Size: 1M
 Heap Min Capacity: 8M
 Heap Initial Capacity: 64M
 Heap Max Capacity: 2G
 Pre-touch: Disabled
 Parallel Workers: 4
 Concurrent Workers: 1
 Concurrent Refinement Workers: 4
 Periodic GC: Disabled

Heap:
 garbage-first heap   total reserved 2097152K, committed 288768K, used 190115K [0x0000000080000000, 0x0000000100000000)
  region size 1024K, 12 young (12288K), 11 survivors (11264K)
 Metaspace       used 134444K, committed 136960K, reserved 1179648K
  class space    used 18225K, committed 19392K, reserved 1048576K

Heap Regions: E=young(eden), S=young(survivor), O=old, HS=humongous(starts), HC=humongous(continues), CS=collection set, F=free, TAMS=top-at-mark-start, PB=parsable bottom
|   0|0x0000000080000000, 0x0000000080100000, 0x0000000080100000|100%|HS|  |TAMS 0x0000000080100000| PB 0x0000000080000000| Complete |  0
|   1|0x0000000080100000, 0x0000000080200000, 0x0000000080200000|100%|HC|  |TAMS 0x0000000080200000| PB 0x0000000080100000| Complete |  0
|   2|0x0000000080200000, 0x0000000080300000, 0x0000000080300000|100%|HC|  |TAMS 0x0000000080300000| PB 0x0000000080200000| Complete |  0
|   3|0x0000000080300000, 0x0000000080400000, 0x0000000080400000|100%|HC|  |TAMS 0x0000000080400000| PB 0x0000000080300000| Complete |  0
|   4|0x0000000080400000, 0x0000000080500000, 0x0000000080500000|100%| O|  |TAMS 0x0000000080500000| PB 0x0000000080500000| Untracked |  0
|   5|0x0000000080500000, 0x0000000080600000, 0x0000000080600000|100%| O|  |TAMS 0x0000000080600000| PB 0x0000000080600000| Untracked |  0
|   6|0x0000000080600000, 0x0000000080700000, 0x0000000080700000|100%| O|  |TAMS 0x0000000080700000| PB 0x0000000080700000| Untracked |  0
|   7|0x0000000080700000, 0x0000000080800000, 0x0000000080800000|100%| O|  |TAMS 0x0000000080800000| PB 0x0000000080800000| Untracked |  0
|   8|0x0000000080800000, 0x0000000080900000, 0x0000000080900000|100%| O|  |TAMS 0x0000000080900000| PB 0x0000000080900000| Untracked |  0
|   9|0x0000000080900000, 0x0000000080a00000, 0x0000000080a00000|100%|HS|  |TAMS 0x0000000080a00000| PB 0x0000000080900000| Complete |  0
|  10|0x0000000080a00000, 0x0000000080b00000, 0x0000000080b00000|100%| O|  |TAMS 0x0000000080b00000| PB 0x0000000080b00000| Untracked |  0
|  11|0x0000000080b00000, 0x0000000080c00000, 0x0000000080c00000|100%| O|  |TAMS 0x0000000080c00000| PB 0x0000000080c00000| Untracked |  0
|  12|0x0000000080c00000, 0x0000000080d00000, 0x0000000080d00000|100%| O|  |TAMS 0x0000000080d00000| PB 0x0000000080d00000| Untracked |  0
|  13|0x0000000080d00000, 0x0000000080e00000, 0x0000000080e00000|100%| O|  |TAMS 0x0000000080e00000| PB 0x0000000080e00000| Untracked |  0
|  14|0x0000000080e00000, 0x0000000080f00000, 0x0000000080f00000|100%| O|  |TAMS 0x0000000080f00000| PB 0x0000000080f00000| Untracked |  0
|  15|0x0000000080f00000, 0x0000000081000000, 0x0000000081000000|100%| O|  |TAMS 0x0000000081000000| PB 0x0000000081000000| Untracked |  0
|  16|0x0000000081000000, 0x0000000081100000, 0x0000000081100000|100%| O|  |TAMS 0x0000000081100000| PB 0x0000000081100000| Untracked |  0
|  17|0x0000000081100000, 0x0000000081200000, 0x0000000081200000|100%| O|  |TAMS 0x0000000081200000| PB 0x0000000081200000| Untracked |  0
|  18|0x0000000081200000, 0x0000000081300000, 0x0000000081300000|100%| O|  |TAMS 0x0000000081300000| PB 0x0000000081300000| Untracked |  0
|  19|0x0000000081300000, 0x0000000081400000, 0x0000000081400000|100%| O|  |TAMS 0x0000000081400000| PB 0x0000000081400000| Untracked |  0
|  20|0x0000000081400000, 0x0000000081500000, 0x0000000081500000|100%| O|  |TAMS 0x0000000081500000| PB 0x0000000081500000| Untracked |  0
|  21|0x0000000081500000, 0x0000000081600000, 0x0000000081600000|100%| O|  |TAMS 0x0000000081600000| PB 0x0000000081600000| Untracked |  0
|  22|0x0000000081600000, 0x0000000081700000, 0x0000000081700000|100%|HS|  |TAMS 0x0000000081700000| PB 0x0000000081600000| Complete |  0
|  23|0x0000000081700000, 0x0000000081800000, 0x0000000081800000|100%|HC|  |TAMS 0x0000000081800000| PB 0x0000000081700000| Complete |  0
|  24|0x0000000081800000, 0x0000000081900000, 0x0000000081900000|100%|HC|  |TAMS 0x0000000081900000| PB 0x0000000081800000| Complete |  0
|  25|0x0000000081900000, 0x0000000081a00000, 0x0000000081a00000|100%|HC|  |TAMS 0x0000000081a00000| PB 0x0000000081900000| Complete |  0
|  26|0x0000000081a00000, 0x0000000081b00000, 0x0000000081b00000|100%|HC|  |TAMS 0x0000000081b00000| PB 0x0000000081a00000| Complete |  0
|  27|0x0000000081b00000, 0x0000000081c00000, 0x0000000081c00000|100%|HC|  |TAMS 0x0000000081c00000| PB 0x0000000081b00000| Complete |  0
|  28|0x0000000081c00000, 0x0000000081d00000, 0x0000000081d00000|100%|HS|  |TAMS 0x0000000081d00000| PB 0x0000000081c00000| Complete |  0
|  29|0x0000000081d00000, 0x0000000081e00000, 0x0000000081e00000|100%|HC|  |TAMS 0x0000000081e00000| PB 0x0000000081d00000| Complete |  0
|  30|0x0000000081e00000, 0x0000000081f00000, 0x0000000081f00000|100%|HC|  |TAMS 0x0000000081f00000| PB 0x0000000081e00000| Complete |  0
|  31|0x0000000081f00000, 0x0000000082000000, 0x0000000082000000|100%|HS|  |TAMS 0x0000000082000000| PB 0x0000000081f00000| Complete |  0
|  32|0x0000000082000000, 0x0000000082100000, 0x0000000082100000|100%|HC|  |TAMS 0x0000000082100000| PB 0x0000000082000000| Complete |  0
|  33|0x0000000082100000, 0x0000000082200000, 0x0000000082200000|100%| O|  |TAMS 0x0000000082200000| PB 0x0000000082200000| Untracked |  0
|  34|0x0000000082200000, 0x0000000082300000, 0x0000000082300000|100%| O|  |TAMS 0x0000000082300000| PB 0x0000000082300000| Untracked |  0
|  35|0x0000000082300000, 0x0000000082400000, 0x0000000082400000|100%| O|  |TAMS 0x0000000082400000| PB 0x0000000082400000| Untracked |  0
|  36|0x0000000082400000, 0x0000000082500000, 0x0000000082500000|100%| O|  |TAMS 0x0000000082500000| PB 0x0000000082500000| Untracked |  0
|  37|0x0000000082500000, 0x0000000082600000, 0x0000000082600000|100%| O|  |TAMS 0x0000000082600000| PB 0x0000000082600000| Untracked |  0
|  38|0x0000000082600000, 0x0000000082700000, 0x0000000082700000|100%| O|Cm|TAMS 0x0000000082700000| PB 0x0000000082700000| Updating |  0
|  39|0x0000000082700000, 0x0000000082800000, 0x0000000082800000|100%| O|  |TAMS 0x0000000082800000| PB 0x0000000082800000| Untracked |  0
|  40|0x0000000082800000, 0x0000000082900000, 0x0000000082900000|100%| O|  |TAMS 0x0000000082900000| PB 0x0000000082900000| Untracked |  0
|  41|0x0000000082900000, 0x0000000082a00000, 0x0000000082a00000|100%| O|  |TAMS 0x0000000082a00000| PB 0x0000000082a00000| Untracked |  0
|  42|0x0000000082a00000, 0x0000000082b00000, 0x0000000082b00000|100%| O|  |TAMS 0x0000000082b00000| PB 0x0000000082b00000| Untracked |  0
|  43|0x0000000082b00000, 0x0000000082c00000, 0x0000000082c00000|100%| O|  |TAMS 0x0000000082c00000| PB 0x0000000082c00000| Untracked |  0
|  44|0x0000000082c00000, 0x0000000082d00000, 0x0000000082d00000|100%| O|  |TAMS 0x0000000082d00000| PB 0x0000000082d00000| Untracked |  0
|  45|0x0000000082d00000, 0x0000000082e00000, 0x0000000082e00000|100%| O|  |TAMS 0x0000000082e00000| PB 0x0000000082e00000| Untracked |  0
|  46|0x0000000082e00000, 0x0000000082f00000, 0x0000000082f00000|100%|HS|  |TAMS 0x0000000082f00000| PB 0x0000000082e00000| Complete |  0
|  47|0x0000000082f00000, 0x0000000083000000, 0x0000000083000000|100%|HC|  |TAMS 0x0000000083000000| PB 0x0000000082f00000| Complete |  0
|  48|0x0000000083000000, 0x0000000083100000, 0x0000000083100000|100%| O|Cm|TAMS 0x0000000083100000| PB 0x0000000083100000| Updating |  0
|  49|0x0000000083100000, 0x0000000083200000, 0x0000000083200000|100%| O|  |TAMS 0x0000000083200000| PB 0x0000000083200000| Untracked |  0
|  50|0x0000000083200000, 0x0000000083300000, 0x0000000083300000|100%| O|  |TAMS 0x0000000083300000| PB 0x0000000083300000| Untracked |  0
|  51|0x0000000083300000, 0x0000000083400000, 0x0000000083400000|100%| O|  |TAMS 0x0000000083400000| PB 0x0000000083400000| Untracked |  0
|  52|0x0000000083400000, 0x0000000083500000, 0x0000000083500000|100%| O|  |TAMS 0x0000000083500000| PB 0x0000000083500000| Untracked |  0
|  53|0x0000000083500000, 0x0000000083600000, 0x0000000083600000|100%| O|  |TAMS 0x0000000083500000| PB 0x0000000083500000| Untracked |  0
|  54|0x0000000083600000, 0x0000000083700000, 0x0000000083700000|100%| O|  |TAMS 0x0000000083700000| PB 0x0000000083700000| Untracked |  0
|  55|0x0000000083700000, 0x0000000083800000, 0x0000000083800000|100%| O|  |TAMS 0x0000000083800000| PB 0x0000000083800000| Untracked |  0
|  56|0x0000000083800000, 0x0000000083900000, 0x0000000083900000|100%|HS|  |TAMS 0x0000000083900000| PB 0x0000000083800000| Complete |  0
|  57|0x0000000083900000, 0x0000000083a00000, 0x0000000083a00000|100%|HC|  |TAMS 0x0000000083a00000| PB 0x0000000083900000| Complete |  0
|  58|0x0000000083a00000, 0x0000000083b00000, 0x0000000083b00000|100%|HC|  |TAMS 0x0000000083b00000| PB 0x0000000083a00000| Complete |  0
|  59|0x0000000083b00000, 0x0000000083c00000, 0x0000000083c00000|100%|HC|  |TAMS 0x0000000083c00000| PB 0x0000000083b00000| Complete |  0
|  60|0x0000000083c00000, 0x0000000083d00000, 0x0000000083d00000|100%|HC|  |TAMS 0x0000000083d00000| PB 0x0000000083c00000| Complete |  0
|  61|0x0000000083d00000, 0x0000000083e00000, 0x0000000083e00000|100%|HC|  |TAMS 0x0000000083e00000| PB 0x0000000083d00000| Complete |  0
|  62|0x0000000083e00000, 0x0000000083f00000, 0x0000000083f00000|100%| O|  |TAMS 0x0000000083f00000| PB 0x0000000083f00000| Untracked |  0
|  63|0x0000000083f00000, 0x0000000084000000, 0x0000000084000000|100%|HS|  |TAMS 0x0000000084000000| PB 0x0000000083f00000| Complete |  0
|  64|0x0000000084000000, 0x0000000084100000, 0x0000000084100000|100%|HC|  |TAMS 0x0000000084100000| PB 0x0000000084000000| Complete |  0
|  65|0x0000000084100000, 0x0000000084200000, 0x0000000084200000|100%|HC|  |TAMS 0x0000000084200000| PB 0x0000000084100000| Complete |  0
|  66|0x0000000084200000, 0x0000000084300000, 0x0000000084300000|100%|HC|  |TAMS 0x0000000084300000| PB 0x0000000084200000| Complete |  0
|  67|0x0000000084300000, 0x0000000084400000, 0x0000000084400000|100%|HC|  |TAMS 0x0000000084400000| PB 0x0000000084300000| Complete |  0
|  68|0x0000000084400000, 0x0000000084500000, 0x0000000084500000|100%|HC|  |TAMS 0x0000000084500000| PB 0x0000000084400000| Complete |  0
|  69|0x0000000084500000, 0x0000000084600000, 0x0000000084600000|100%| O|  |TAMS 0x0000000084600000| PB 0x0000000084600000| Untracked |  0
|  70|0x0000000084600000, 0x0000000084700000, 0x0000000084700000|100%| O|  |TAMS 0x0000000084700000| PB 0x0000000084700000| Untracked |  0
|  71|0x0000000084700000, 0x0000000084800000, 0x0000000084800000|100%| O|  |TAMS 0x0000000084800000| PB 0x0000000084800000| Untracked |  0
|  72|0x0000000084800000, 0x0000000084900000, 0x0000000084900000|100%| O|  |TAMS 0x0000000084900000| PB 0x0000000084900000| Untracked |  0
|  73|0x0000000084900000, 0x0000000084a00000, 0x0000000084a00000|100%| O|  |TAMS 0x0000000084a00000| PB 0x0000000084a00000| Untracked |  0
|  74|0x0000000084a00000, 0x0000000084b00000, 0x0000000084b00000|100%| O|  |TAMS 0x0000000084b00000| PB 0x0000000084b00000| Untracked |  0
|  75|0x0000000084b00000, 0x0000000084c00000, 0x0000000084c00000|100%| O|  |TAMS 0x0000000084c00000| PB 0x0000000084c00000| Untracked |  0
|  76|0x0000000084c00000, 0x0000000084d00000, 0x0000000084d00000|100%| O|  |TAMS 0x0000000084d00000| PB 0x0000000084d00000| Untracked |  0
|  77|0x0000000084d00000, 0x0000000084e00000, 0x0000000084e00000|100%| O|  |TAMS 0x0000000084e00000| PB 0x0000000084e00000| Untracked |  0
|  78|0x0000000084e00000, 0x0000000084f00000, 0x0000000084f00000|100%| O|  |TAMS 0x0000000084f00000| PB 0x0000000084f00000| Untracked |  0
|  79|0x0000000084f00000, 0x0000000085000000, 0x0000000085000000|100%| O|  |TAMS 0x0000000084f00000| PB 0x0000000084f00000| Untracked |  0
|  80|0x0000000085000000, 0x0000000085100000, 0x0000000085100000|100%| O|  |TAMS 0x0000000085100000| PB 0x0000000085100000| Untracked |  0
|  81|0x0000000085100000, 0x0000000085200000, 0x0000000085200000|100%| O|  |TAMS 0x0000000085200000| PB 0x0000000085200000| Untracked |  0
|  82|0x0000000085200000, 0x0000000085300000, 0x0000000085300000|100%| O|  |TAMS 0x0000000085300000| PB 0x0000000085300000| Untracked |  0
|  83|0x0000000085300000, 0x0000000085400000, 0x0000000085400000|100%| O|  |TAMS 0x0000000085400000| PB 0x0000000085400000| Untracked |  0
|  84|0x0000000085400000, 0x0000000085500000, 0x0000000085500000|100%| O|  |TAMS 0x0000000085500000| PB 0x0000000085500000| Untracked |  0
|  85|0x0000000085500000, 0x0000000085600000, 0x0000000085600000|100%| O|  |TAMS 0x0000000085600000| PB 0x0000000085600000| Untracked |  0
|  86|0x0000000085600000, 0x0000000085700000, 0x0000000085700000|100%| O|  |TAMS 0x0000000085700000| PB 0x0000000085700000| Untracked |  0
|  87|0x0000000085700000, 0x0000000085800000, 0x0000000085800000|100%| O|  |TAMS 0x0000000085800000| PB 0x0000000085800000| Untracked |  0
|  88|0x0000000085800000, 0x0000000085900000, 0x0000000085900000|100%| O|  |TAMS 0x0000000085900000| PB 0x0000000085900000| Untracked |  0
|  89|0x0000000085900000, 0x0000000085a00000, 0x0000000085a00000|100%| O|  |TAMS 0x0000000085a00000| PB 0x0000000085a00000| Untracked |  0
|  90|0x0000000085a00000, 0x0000000085b00000, 0x0000000085b00000|100%| O|  |TAMS 0x0000000085b00000| PB 0x0000000085b00000| Untracked |  0
|  91|0x0000000085b00000, 0x0000000085c00000, 0x0000000085c00000|100%| O|  |TAMS 0x0000000085c00000| PB 0x0000000085c00000| Untracked |  0
|  92|0x0000000085c00000, 0x0000000085d00000, 0x0000000085d00000|100%| O|  |TAMS 0x0000000085d00000| PB 0x0000000085d00000| Untracked |  0
|  93|0x0000000085d00000, 0x0000000085e00000, 0x0000000085e00000|100%| O|  |TAMS 0x0000000085e00000| PB 0x0000000085e00000| Untracked |  0
|  94|0x0000000085e00000, 0x0000000085f00000, 0x0000000085f00000|100%| O|  |TAMS 0x0000000085f00000| PB 0x0000000085f00000| Untracked |  0
|  95|0x0000000085f00000, 0x0000000086000000, 0x0000000086000000|100%| O|  |TAMS 0x0000000086000000| PB 0x0000000086000000| Untracked |  0
|  96|0x0000000086000000, 0x0000000086100000, 0x0000000086100000|100%| O|  |TAMS 0x0000000086100000| PB 0x0000000086100000| Untracked |  0
|  97|0x0000000086100000, 0x0000000086200000, 0x0000000086200000|100%| O|  |TAMS 0x0000000086200000| PB 0x0000000086200000| Untracked |  0
|  98|0x0000000086200000, 0x0000000086300000, 0x0000000086300000|100%| O|  |TAMS 0x0000000086300000| PB 0x0000000086300000| Untracked |  0
|  99|0x0000000086300000, 0x0000000086400000, 0x0000000086400000|100%| O|  |TAMS 0x0000000086400000| PB 0x0000000086400000| Untracked |  0
| 100|0x0000000086400000, 0x0000000086500000, 0x0000000086500000|100%| O|  |TAMS 0x0000000086500000| PB 0x0000000086500000| Untracked |  0
| 101|0x0000000086500000, 0x0000000086600000, 0x0000000086600000|100%| O|  |TAMS 0x0000000086600000| PB 0x0000000086600000| Untracked |  0
| 102|0x0000000086600000, 0x0000000086700000, 0x0000000086700000|100%| O|  |TAMS 0x0000000086700000| PB 0x0000000086700000| Untracked |  0
| 103|0x0000000086700000, 0x0000000086800000, 0x0000000086800000|100%| O|  |TAMS 0x0000000086800000| PB 0x0000000086800000| Untracked |  0
| 104|0x0000000086800000, 0x0000000086900000, 0x0000000086900000|100%| O|  |TAMS 0x0000000086900000| PB 0x0000000086900000| Untracked |  0
| 105|0x0000000086900000, 0x0000000086a00000, 0x0000000086a00000|100%| O|Cm|TAMS 0x0000000086a00000| PB 0x0000000086a00000| Updating |  0
| 106|0x0000000086a00000, 0x0000000086b00000, 0x0000000086b00000|100%|HS|  |TAMS 0x0000000086b00000| PB 0x0000000086a00000| Complete |  0
| 107|0x0000000086b00000, 0x0000000086c00000, 0x0000000086c00000|100%|HC|  |TAMS 0x0000000086c00000| PB 0x0000000086b00000| Complete |  0
| 108|0x0000000086c00000, 0x0000000086d00000, 0x0000000086d00000|100%|HC|  |TAMS 0x0000000086d00000| PB 0x0000000086c00000| Complete |  0
| 109|0x0000000086d00000, 0x0000000086e00000, 0x0000000086e00000|100%|HC|  |TAMS 0x0000000086e00000| PB 0x0000000086d00000| Complete |  0
| 110|0x0000000086e00000, 0x0000000086f00000, 0x0000000086f00000|100%|HC|  |TAMS 0x0000000086f00000| PB 0x0000000086e00000| Complete |  0
| 111|0x0000000086f00000, 0x0000000087000000, 0x0000000087000000|100%|HC|  |TAMS 0x0000000087000000| PB 0x0000000086f00000| Complete |  0
| 112|0x0000000087000000, 0x0000000087100000, 0x0000000087100000|100%|HS|  |TAMS 0x0000000087100000| PB 0x0000000087000000| Complete |  0
| 113|0x0000000087100000, 0x0000000087200000, 0x0000000087200000|100%|HS|  |TAMS 0x0000000087200000| PB 0x0000000087100000| Complete |  0
| 114|0x0000000087200000, 0x0000000087300000, 0x0000000087300000|100%|HS|  |TAMS 0x0000000087300000| PB 0x0000000087200000| Complete |  0
| 115|0x0000000087300000, 0x0000000087400000, 0x0000000087400000|100%|HS|  |TAMS 0x0000000087400000| PB 0x0000000087300000| Complete |  0
| 116|0x0000000087400000, 0x0000000087500000, 0x0000000087500000|100%|HC|  |TAMS 0x0000000087500000| PB 0x0000000087400000| Complete |  0
| 117|0x0000000087500000, 0x0000000087600000, 0x0000000087600000|100%| O|  |TAMS 0x0000000087600000| PB 0x0000000087600000| Untracked |  0
| 118|0x0000000087600000, 0x0000000087700000, 0x0000000087700000|100%|HS|  |TAMS 0x0000000087700000| PB 0x0000000087600000| Complete |  0
| 119|0x0000000087700000, 0x0000000087800000, 0x0000000087800000|100%|HC|  |TAMS 0x0000000087800000| PB 0x0000000087700000| Complete |  0
| 120|0x0000000087800000, 0x0000000087900000, 0x0000000087900000|100%|HC|  |TAMS 0x0000000087900000| PB 0x0000000087800000| Complete |  0
| 121|0x0000000087900000, 0x0000000087a00000, 0x0000000087a00000|100%| O|  |TAMS 0x0000000087a00000| PB 0x0000000087a00000| Untracked |  0
| 122|0x0000000087a00000, 0x0000000087a00000, 0x0000000087b00000|  0%| F|  |TAMS 0x0000000087a00000| PB 0x0000000087a00000| Untracked |  0
| 123|0x0000000087b00000, 0x0000000087c00000, 0x0000000087c00000|100%| O|  |TAMS 0x0000000087b00000| PB 0x0000000087b00000| Untracked |  0
| 124|0x0000000087c00000, 0x0000000087d00000, 0x0000000087d00000|100%| O|  |TAMS 0x0000000087d00000| PB 0x0000000087d00000| Untracked |  0
| 125|0x0000000087d00000, 0x0000000087e00000, 0x0000000087e00000|100%| O|  |TAMS 0x0000000087e00000| PB 0x0000000087e00000| Untracked |  0
| 126|0x0000000087e00000, 0x0000000087f00000, 0x0000000087f00000|100%| O|  |TAMS 0x0000000087f00000| PB 0x0000000087f00000| Untracked |  0
| 127|0x0000000087f00000, 0x0000000088000000, 0x0000000088000000|100%| O|  |TAMS 0x0000000088000000| PB 0x0000000088000000| Untracked |  0
| 128|0x0000000088000000, 0x0000000088100000, 0x0000000088100000|100%| O|  |TAMS 0x0000000088100000| PB 0x0000000088100000| Untracked |  0
| 129|0x0000000088100000, 0x0000000088200000, 0x0000000088200000|100%| O|  |TAMS 0x0000000088200000| PB 0x0000000088200000| Untracked |  0
| 130|0x0000000088200000, 0x0000000088300000, 0x0000000088300000|100%| O|  |TAMS 0x0000000088300000| PB 0x0000000088300000| Untracked |  0
| 131|0x0000000088300000, 0x0000000088400000, 0x0000000088400000|100%| O|  |TAMS 0x0000000088400000| PB 0x0000000088400000| Untracked |  0
| 132|0x0000000088400000, 0x0000000088500000, 0x0000000088500000|100%|HS|  |TAMS 0x0000000088500000| PB 0x0000000088400000| Complete |  0
| 133|0x0000000088500000, 0x0000000088600000, 0x0000000088600000|100%|HC|  |TAMS 0x0000000088600000| PB 0x0000000088500000| Complete |  0
| 134|0x0000000088600000, 0x0000000088700000, 0x0000000088700000|100%|HS|  |TAMS 0x0000000088700000| PB 0x0000000088600000| Complete |  0
| 135|0x0000000088700000, 0x0000000088800000, 0x0000000088800000|100%|HS|  |TAMS 0x0000000088800000| PB 0x0000000088700000| Complete |  0
| 136|0x0000000088800000, 0x0000000088900000, 0x0000000088900000|100%| O|  |TAMS 0x0000000088900000| PB 0x0000000088900000| Untracked |  0
| 137|0x0000000088900000, 0x0000000088a00000, 0x0000000088a00000|100%| O|Cm|TAMS 0x0000000088a00000| PB 0x0000000088a00000| Updating |  0
| 138|0x0000000088a00000, 0x0000000088b00000, 0x0000000088b00000|100%| O|Cm|TAMS 0x0000000088b00000| PB 0x0000000088b00000| Updating |  0
| 139|0x0000000088b00000, 0x0000000088c00000, 0x0000000088c00000|100%| O|Cm|TAMS 0x0000000088c00000| PB 0x0000000088c00000| Updating |  0
| 140|0x0000000088c00000, 0x0000000088d00000, 0x0000000088d00000|100%|HS|  |TAMS 0x0000000088d00000| PB 0x0000000088c00000| Complete |  0
| 141|0x0000000088d00000, 0x0000000088e00000, 0x0000000088e00000|100%| O|  |TAMS 0x0000000088e00000| PB 0x0000000088e00000| Untracked |  0
| 142|0x0000000088e00000, 0x0000000088f00000, 0x0000000088f00000|100%|HS|  |TAMS 0x0000000088f00000| PB 0x0000000088e00000| Complete |  0
| 143|0x0000000088f00000, 0x0000000089000000, 0x0000000089000000|100%| O|  |TAMS 0x0000000089000000| PB 0x0000000089000000| Untracked |  0
| 144|0x0000000089000000, 0x0000000089100000, 0x0000000089100000|100%| O|  |TAMS 0x0000000089100000| PB 0x0000000089100000| Untracked |  0
| 145|0x0000000089100000, 0x0000000089200000, 0x0000000089200000|100%| O|  |TAMS 0x0000000089200000| PB 0x0000000089200000| Untracked |  0
| 146|0x0000000089200000, 0x0000000089300000, 0x0000000089300000|100%| O|  |TAMS 0x0000000089300000| PB 0x0000000089300000| Untracked |  0
| 147|0x0000000089300000, 0x0000000089400000, 0x0000000089400000|100%| O|  |TAMS 0x0000000089400000| PB 0x0000000089400000| Untracked |  0
| 148|0x0000000089400000, 0x0000000089500000, 0x0000000089500000|100%|HS|  |TAMS 0x0000000089500000| PB 0x0000000089400000| Complete |  0
| 149|0x0000000089500000, 0x0000000089600000, 0x0000000089600000|100%|HC|  |TAMS 0x0000000089600000| PB 0x0000000089500000| Complete |  0
| 150|0x0000000089600000, 0x0000000089700000, 0x0000000089700000|100%|HC|  |TAMS 0x0000000089700000| PB 0x0000000089600000| Complete |  0
| 151|0x0000000089700000, 0x0000000089800000, 0x0000000089800000|100%| O|  |TAMS 0x0000000089800000| PB 0x0000000089800000| Untracked |  0
| 152|0x0000000089800000, 0x0000000089900000, 0x0000000089900000|100%|HS|  |TAMS 0x0000000089900000| PB 0x0000000089800000| Complete |  0
| 153|0x0000000089900000, 0x0000000089a00000, 0x0000000089a00000|100%| O|  |TAMS 0x0000000089a00000| PB 0x0000000089a00000| Untracked |  0
| 154|0x0000000089a00000, 0x0000000089b00000, 0x0000000089b00000|100%| O|  |TAMS 0x0000000089b00000| PB 0x0000000089b00000| Untracked |  0
| 155|0x0000000089b00000, 0x0000000089c00000, 0x0000000089c00000|100%| O|  |TAMS 0x0000000089c00000| PB 0x0000000089c00000| Untracked |  0
| 156|0x0000000089c00000, 0x0000000089d00000, 0x0000000089d00000|100%| O|  |TAMS 0x0000000089d00000| PB 0x0000000089d00000| Untracked |  0
| 157|0x0000000089d00000, 0x0000000089e00000, 0x0000000089e00000|100%| O|  |TAMS 0x0000000089e00000| PB 0x0000000089e00000| Untracked |  0
| 158|0x0000000089e00000, 0x0000000089f00000, 0x0000000089f00000|100%| O|  |TAMS 0x0000000089f00000| PB 0x0000000089f00000| Untracked |  0
| 159|0x0000000089f00000, 0x000000008a000000, 0x000000008a000000|100%| O|  |TAMS 0x0000000089fb43f0| PB 0x0000000089fb43f0| Untracked |  0
| 160|0x000000008a000000, 0x000000008a100000, 0x000000008a100000|100%| O|  |TAMS 0x000000008a000000| PB 0x000000008a000000| Untracked |  0
| 161|0x000000008a100000, 0x000000008a200000, 0x000000008a200000|100%| O|  |TAMS 0x000000008a100000| PB 0x000000008a100000| Untracked |  1
| 162|0x000000008a200000, 0x000000008a300000, 0x000000008a300000|100%| O|  |TAMS 0x000000008a200000| PB 0x000000008a200000| Untracked |  0
| 163|0x000000008a300000, 0x000000008a400000, 0x000000008a400000|100%| O|  |TAMS 0x000000008a300000| PB 0x000000008a300000| Untracked |  0
| 164|0x000000008a400000, 0x000000008a4a8f00, 0x000000008a500000| 65%| O|  |TAMS 0x000000008a400000| PB 0x000000008a400000| Untracked |  0
| 165|0x000000008a500000, 0x000000008a600000, 0x000000008a600000|100%|HS|  |TAMS 0x000000008a500000| PB 0x000000008a500000| Complete |  0
| 166|0x000000008a600000, 0x000000008a600000, 0x000000008a700000|  0%| F|  |TAMS 0x000000008a600000| PB 0x000000008a600000| Untracked |  0
| 167|0x000000008a700000, 0x000000008a700000, 0x000000008a800000|  0%| F|  |TAMS 0x000000008a700000| PB 0x000000008a700000| Untracked |  0
| 168|0x000000008a800000, 0x000000008a800000, 0x000000008a900000|  0%| F|  |TAMS 0x000000008a800000| PB 0x000000008a800000| Untracked |  0
| 169|0x000000008a900000, 0x000000008a900000, 0x000000008aa00000|  0%| F|  |TAMS 0x000000008a900000| PB 0x000000008a900000| Untracked |  0
| 170|0x000000008aa00000, 0x000000008aa00000, 0x000000008ab00000|  0%| F|  |TAMS 0x000000008aa00000| PB 0x000000008aa00000| Untracked |  0
| 171|0x000000008ab00000, 0x000000008ab00000, 0x000000008ac00000|  0%| F|  |TAMS 0x000000008ab00000| PB 0x000000008ab00000| Untracked |  0
| 172|0x000000008ac00000, 0x000000008ac00000, 0x000000008ad00000|  0%| F|  |TAMS 0x000000008ac00000| PB 0x000000008ac00000| Untracked |  0
| 173|0x000000008ad00000, 0x000000008ad00000, 0x000000008ae00000|  0%| F|  |TAMS 0x000000008ad00000| PB 0x000000008ad00000| Untracked |  0
| 174|0x000000008ae00000, 0x000000008ae00000, 0x000000008af00000|  0%| F|  |TAMS 0x000000008ae00000| PB 0x000000008ae00000| Untracked |  0
| 175|0x000000008af00000, 0x000000008af00000, 0x000000008b000000|  0%| F|  |TAMS 0x000000008af00000| PB 0x000000008af00000| Untracked |  0
| 176|0x000000008b000000, 0x000000008b000000, 0x000000008b100000|  0%| F|  |TAMS 0x000000008b000000| PB 0x000000008b000000| Untracked |  0
| 177|0x000000008b100000, 0x000000008b100000, 0x000000008b200000|  0%| F|  |TAMS 0x000000008b100000| PB 0x000000008b100000| Untracked |  0
| 178|0x000000008b200000, 0x000000008b200000, 0x000000008b300000|  0%| F|  |TAMS 0x000000008b200000| PB 0x000000008b200000| Untracked |  0
| 179|0x000000008b300000, 0x000000008b300000, 0x000000008b400000|  0%| F|  |TAMS 0x000000008b300000| PB 0x000000008b300000| Untracked |  0
| 180|0x000000008b400000, 0x000000008b400000, 0x000000008b500000|  0%| F|  |TAMS 0x000000008b400000| PB 0x000000008b400000| Untracked |  0
| 181|0x000000008b500000, 0x000000008b500000, 0x000000008b600000|  0%| F|  |TAMS 0x000000008b500000| PB 0x000000008b500000| Untracked |  0
| 182|0x000000008b600000, 0x000000008b600000, 0x000000008b700000|  0%| F|  |TAMS 0x000000008b600000| PB 0x000000008b600000| Untracked |  0
| 183|0x000000008b700000, 0x000000008b700000, 0x000000008b800000|  0%| F|  |TAMS 0x000000008b700000| PB 0x000000008b700000| Untracked |  0
| 184|0x000000008b800000, 0x000000008b800000, 0x000000008b900000|  0%| F|  |TAMS 0x000000008b800000| PB 0x000000008b800000| Untracked |  0
| 185|0x000000008b900000, 0x000000008b900000, 0x000000008ba00000|  0%| F|  |TAMS 0x000000008b900000| PB 0x000000008b900000| Untracked |  0
| 186|0x000000008ba00000, 0x000000008ba00000, 0x000000008bb00000|  0%| F|  |TAMS 0x000000008ba00000| PB 0x000000008ba00000| Untracked |  0
| 187|0x000000008bb00000, 0x000000008bb00000, 0x000000008bc00000|  0%| F|  |TAMS 0x000000008bb00000| PB 0x000000008bb00000| Untracked |  0
| 188|0x000000008bc00000, 0x000000008bc00000, 0x000000008bd00000|  0%| F|  |TAMS 0x000000008bc00000| PB 0x000000008bc00000| Untracked |  0
| 189|0x000000008bd00000, 0x000000008bd00000, 0x000000008be00000|  0%| F|  |TAMS 0x000000008bd00000| PB 0x000000008bd00000| Untracked |  0
| 190|0x000000008be00000, 0x000000008be00000, 0x000000008bf00000|  0%| F|  |TAMS 0x000000008be00000| PB 0x000000008be00000| Untracked |  0
| 191|0x000000008bf00000, 0x000000008bf00000, 0x000000008c000000|  0%| F|  |TAMS 0x000000008bf00000| PB 0x000000008bf00000| Untracked |  0
| 192|0x000000008c000000, 0x000000008c000000, 0x000000008c100000|  0%| F|  |TAMS 0x000000008c000000| PB 0x000000008c000000| Untracked |  0
| 193|0x000000008c100000, 0x000000008c100000, 0x000000008c200000|  0%| F|  |TAMS 0x000000008c100000| PB 0x000000008c100000| Untracked |  0
| 194|0x000000008c200000, 0x000000008c200000, 0x000000008c300000|  0%| F|  |TAMS 0x000000008c200000| PB 0x000000008c200000| Untracked |  0
| 195|0x000000008c300000, 0x000000008c300000, 0x000000008c400000|  0%| F|  |TAMS 0x000000008c300000| PB 0x000000008c300000| Untracked |  0
| 196|0x000000008c400000, 0x000000008c400000, 0x000000008c500000|  0%| F|  |TAMS 0x000000008c400000| PB 0x000000008c400000| Untracked |  0
| 197|0x000000008c500000, 0x000000008c500000, 0x000000008c600000|  0%| F|  |TAMS 0x000000008c500000| PB 0x000000008c500000| Untracked |  0
| 198|0x000000008c600000, 0x000000008c600000, 0x000000008c700000|  0%| F|  |TAMS 0x000000008c600000| PB 0x000000008c600000| Untracked |  0
| 199|0x000000008c700000, 0x000000008c700000, 0x000000008c800000|  0%| F|  |TAMS 0x000000008c700000| PB 0x000000008c700000| Untracked |  0
| 200|0x000000008c800000, 0x000000008c800000, 0x000000008c900000|  0%| F|  |TAMS 0x000000008c800000| PB 0x000000008c800000| Untracked |  0
| 201|0x000000008c900000, 0x000000008c900000, 0x000000008ca00000|  0%| F|  |TAMS 0x000000008c900000| PB 0x000000008c900000| Untracked |  0
| 202|0x000000008ca00000, 0x000000008ca00000, 0x000000008cb00000|  0%| F|  |TAMS 0x000000008ca00000| PB 0x000000008ca00000| Untracked |  0
| 203|0x000000008cb00000, 0x000000008cb00000, 0x000000008cc00000|  0%| F|  |TAMS 0x000000008cb00000| PB 0x000000008cb00000| Untracked |  0
| 204|0x000000008cc00000, 0x000000008cc00000, 0x000000008cd00000|  0%| F|  |TAMS 0x000000008cc00000| PB 0x000000008cc00000| Untracked |  0
| 205|0x000000008cd00000, 0x000000008cd00000, 0x000000008ce00000|  0%| F|  |TAMS 0x000000008cd00000| PB 0x000000008cd00000| Untracked |  0
| 206|0x000000008ce00000, 0x000000008ce00000, 0x000000008cf00000|  0%| F|  |TAMS 0x000000008ce00000| PB 0x000000008ce00000| Untracked |  0
| 207|0x000000008cf00000, 0x000000008d000000, 0x000000008d000000|100%| S|CS|TAMS 0x000000008cf00000| PB 0x000000008cf00000| Complete |  0
| 208|0x000000008d000000, 0x000000008d100000, 0x000000008d100000|100%| S|CS|TAMS 0x000000008d000000| PB 0x000000008d000000| Complete |  0
| 209|0x000000008d100000, 0x000000008d200000, 0x000000008d200000|100%| S|CS|TAMS 0x000000008d100000| PB 0x000000008d100000| Complete |  0
| 210|0x000000008d200000, 0x000000008d300000, 0x000000008d300000|100%| S|CS|TAMS 0x000000008d200000| PB 0x000000008d200000| Complete |  0
| 211|0x000000008d300000, 0x000000008d400000, 0x000000008d400000|100%| S|CS|TAMS 0x000000008d300000| PB 0x000000008d300000| Complete |  0
| 212|0x000000008d400000, 0x000000008d500000, 0x000000008d500000|100%| S|CS|TAMS 0x000000008d400000| PB 0x000000008d400000| Complete |  0
| 213|0x000000008d500000, 0x000000008d600000, 0x000000008d600000|100%| S|CS|TAMS 0x000000008d500000| PB 0x000000008d500000| Complete |  0
| 214|0x000000008d600000, 0x000000008d700000, 0x000000008d700000|100%| S|CS|TAMS 0x000000008d600000| PB 0x000000008d600000| Complete |  0
| 215|0x000000008d700000, 0x000000008d800000, 0x000000008d800000|100%| S|CS|TAMS 0x000000008d700000| PB 0x000000008d700000| Complete |  0
| 216|0x000000008d800000, 0x000000008d900000, 0x000000008d900000|100%| S|CS|TAMS 0x000000008d800000| PB 0x000000008d800000| Complete |  0
| 217|0x000000008d900000, 0x000000008da00000, 0x000000008da00000|100%| S|CS|TAMS 0x000000008d900000| PB 0x000000008d900000| Complete |  0
| 218|0x000000008da00000, 0x000000008da00000, 0x000000008db00000|  0%| F|  |TAMS 0x000000008da00000| PB 0x000000008da00000| Untracked |  0
| 219|0x000000008db00000, 0x000000008db00000, 0x000000008dc00000|  0%| F|  |TAMS 0x000000008db00000| PB 0x000000008db00000| Untracked |  0
| 220|0x000000008dc00000, 0x000000008dc00000, 0x000000008dd00000|  0%| F|  |TAMS 0x000000008dc00000| PB 0x000000008dc00000| Untracked |  0
| 221|0x000000008dd00000, 0x000000008dd00000, 0x000000008de00000|  0%| F|  |TAMS 0x000000008dd00000| PB 0x000000008dd00000| Untracked |  0
| 222|0x000000008de00000, 0x000000008de00000, 0x000000008df00000|  0%| F|  |TAMS 0x000000008de00000| PB 0x000000008de00000| Untracked |  0
| 223|0x000000008df00000, 0x000000008df00000, 0x000000008e000000|  0%| F|  |TAMS 0x000000008df00000| PB 0x000000008df00000| Untracked |  0
| 224|0x000000008e000000, 0x000000008e000000, 0x000000008e100000|  0%| F|  |TAMS 0x000000008e000000| PB 0x000000008e000000| Untracked |  0
| 225|0x000000008e100000, 0x000000008e100000, 0x000000008e200000|  0%| F|  |TAMS 0x000000008e100000| PB 0x000000008e100000| Untracked |  0
| 226|0x000000008e200000, 0x000000008e200000, 0x000000008e300000|  0%| F|  |TAMS 0x000000008e200000| PB 0x000000008e200000| Untracked |  0
| 227|0x000000008e300000, 0x000000008e300000, 0x000000008e400000|  0%| F|  |TAMS 0x000000008e300000| PB 0x000000008e300000| Untracked |  0
| 228|0x000000008e400000, 0x000000008e400000, 0x000000008e500000|  0%| F|  |TAMS 0x000000008e400000| PB 0x000000008e400000| Untracked |  0
| 229|0x000000008e500000, 0x000000008e500000, 0x000000008e600000|  0%| F|  |TAMS 0x000000008e500000| PB 0x000000008e500000| Untracked |  0
| 230|0x000000008e600000, 0x000000008e600000, 0x000000008e700000|  0%| F|  |TAMS 0x000000008e600000| PB 0x000000008e600000| Untracked |  0
| 231|0x000000008e700000, 0x000000008e700000, 0x000000008e800000|  0%| F|  |TAMS 0x000000008e700000| PB 0x000000008e700000| Untracked |  0
| 232|0x000000008e800000, 0x000000008e800000, 0x000000008e900000|  0%| F|  |TAMS 0x000000008e800000| PB 0x000000008e800000| Untracked |  0
| 233|0x000000008e900000, 0x000000008e900000, 0x000000008ea00000|  0%| F|  |TAMS 0x000000008e900000| PB 0x000000008e900000| Untracked |  0
| 234|0x000000008ea00000, 0x000000008ea00000, 0x000000008eb00000|  0%| F|  |TAMS 0x000000008ea00000| PB 0x000000008ea00000| Untracked |  0
| 235|0x000000008eb00000, 0x000000008eb00000, 0x000000008ec00000|  0%| F|  |TAMS 0x000000008eb00000| PB 0x000000008eb00000| Untracked |  0
| 236|0x000000008ec00000, 0x000000008ec00000, 0x000000008ed00000|  0%| F|  |TAMS 0x000000008ec00000| PB 0x000000008ec00000| Untracked |  0
| 237|0x000000008ed00000, 0x000000008ed00000, 0x000000008ee00000|  0%| F|  |TAMS 0x000000008ed00000| PB 0x000000008ed00000| Untracked |  0
| 238|0x000000008ee00000, 0x000000008ee00000, 0x000000008ef00000|  0%| F|  |TAMS 0x000000008ee00000| PB 0x000000008ee00000| Untracked |  0
| 239|0x000000008ef00000, 0x000000008ef00000, 0x000000008f000000|  0%| F|  |TAMS 0x000000008ef00000| PB 0x000000008ef00000| Untracked |  0
| 240|0x000000008f000000, 0x000000008f000000, 0x000000008f100000|  0%| F|  |TAMS 0x000000008f000000| PB 0x000000008f000000| Untracked |  0
| 241|0x000000008f100000, 0x000000008f100000, 0x000000008f200000|  0%| F|  |TAMS 0x000000008f100000| PB 0x000000008f100000| Untracked |  0
| 242|0x000000008f200000, 0x000000008f200000, 0x000000008f300000|  0%| F|  |TAMS 0x000000008f200000| PB 0x000000008f200000| Untracked |  0
| 243|0x000000008f300000, 0x000000008f300000, 0x000000008f400000|  0%| F|  |TAMS 0x000000008f300000| PB 0x000000008f300000| Untracked |  0
| 244|0x000000008f400000, 0x000000008f400000, 0x000000008f500000|  0%| F|  |TAMS 0x000000008f400000| PB 0x000000008f400000| Untracked |  0
| 245|0x000000008f500000, 0x000000008f500000, 0x000000008f600000|  0%| F|  |TAMS 0x000000008f500000| PB 0x000000008f500000| Untracked |  0
| 246|0x000000008f600000, 0x000000008f600000, 0x000000008f700000|  0%| F|  |TAMS 0x000000008f600000| PB 0x000000008f600000| Untracked |  0
| 247|0x000000008f700000, 0x000000008f700000, 0x000000008f800000|  0%| F|  |TAMS 0x000000008f700000| PB 0x000000008f700000| Untracked |  0
| 248|0x000000008f800000, 0x000000008f800000, 0x000000008f900000|  0%| F|  |TAMS 0x000000008f800000| PB 0x000000008f800000| Untracked |  0
| 249|0x000000008f900000, 0x000000008f900000, 0x000000008fa00000|  0%| F|  |TAMS 0x000000008f900000| PB 0x000000008f900000| Untracked |  0
| 250|0x000000008fa00000, 0x000000008fa00000, 0x000000008fb00000|  0%| F|  |TAMS 0x000000008fa00000| PB 0x000000008fa00000| Untracked |  0
| 251|0x000000008fb00000, 0x000000008fb00000, 0x000000008fc00000|  0%| F|  |TAMS 0x000000008fb00000| PB 0x000000008fb00000| Untracked |  0
| 252|0x000000008fc00000, 0x000000008fc00000, 0x000000008fd00000|  0%| F|  |TAMS 0x000000008fc00000| PB 0x000000008fc00000| Untracked |  0
| 253|0x000000008fd00000, 0x000000008fd00000, 0x000000008fe00000|  0%| F|  |TAMS 0x000000008fd00000| PB 0x000000008fd00000| Untracked |  0
| 254|0x000000008fe00000, 0x000000008fe00000, 0x000000008ff00000|  0%| F|  |TAMS 0x000000008fe00000| PB 0x000000008fe00000| Untracked |  0
| 255|0x000000008ff00000, 0x000000008ff00000, 0x0000000090000000|  0%| F|  |TAMS 0x000000008ff00000| PB 0x000000008ff00000| Untracked |  0
| 256|0x0000000090000000, 0x0000000090000000, 0x0000000090100000|  0%| F|  |TAMS 0x0000000090000000| PB 0x0000000090000000| Untracked |  0
| 257|0x0000000090100000, 0x0000000090100000, 0x0000000090200000|  0%| F|  |TAMS 0x0000000090100000| PB 0x0000000090100000| Untracked |  0
| 258|0x0000000090200000, 0x0000000090200000, 0x0000000090300000|  0%| F|  |TAMS 0x0000000090200000| PB 0x0000000090200000| Untracked |  0
| 259|0x0000000090300000, 0x0000000090300000, 0x0000000090400000|  0%| F|  |TAMS 0x0000000090300000| PB 0x0000000090300000| Untracked |  0
| 260|0x0000000090400000, 0x0000000090400000, 0x0000000090500000|  0%| F|  |TAMS 0x0000000090400000| PB 0x0000000090400000| Untracked |  0
| 261|0x0000000090500000, 0x0000000090500000, 0x0000000090600000|  0%| F|  |TAMS 0x0000000090500000| PB 0x0000000090500000| Untracked |  0
| 262|0x0000000090600000, 0x0000000090600000, 0x0000000090700000|  0%| F|  |TAMS 0x0000000090600000| PB 0x0000000090600000| Untracked |  0
| 263|0x0000000090700000, 0x0000000090700000, 0x0000000090800000|  0%| F|  |TAMS 0x0000000090700000| PB 0x0000000090700000| Untracked |  0
| 264|0x0000000090800000, 0x0000000090800000, 0x0000000090900000|  0%| F|  |TAMS 0x0000000090800000| PB 0x0000000090800000| Untracked |  0
|2031|0x00000000fef00000, 0x00000000fef00000, 0x00000000ff000000|  0%| F|  |TAMS 0x00000000fef00000| PB 0x00000000fef00000| Untracked |  0
|2032|0x00000000ff000000, 0x00000000ff100000, 0x00000000ff100000|100%| O|  |TAMS 0x00000000ff100000| PB 0x00000000ff100000| Untracked |  0
|2033|0x00000000ff100000, 0x00000000ff200000, 0x00000000ff200000|100%| O|  |TAMS 0x00000000ff200000| PB 0x00000000ff200000| Untracked |  0
|2034|0x00000000ff200000, 0x00000000ff300000, 0x00000000ff300000|100%| O|  |TAMS 0x00000000ff300000| PB 0x00000000ff300000| Untracked |  0
|2035|0x00000000ff300000, 0x00000000ff400000, 0x00000000ff400000|100%| O|  |TAMS 0x00000000ff400000| PB 0x00000000ff400000| Untracked |  0
|2036|0x00000000ff400000, 0x00000000ff500000, 0x00000000ff500000|100%| O|  |TAMS 0x00000000ff500000| PB 0x00000000ff500000| Untracked |  0
|2037|0x00000000ff500000, 0x00000000ff600000, 0x00000000ff600000|100%| O|  |TAMS 0x00000000ff600000| PB 0x00000000ff600000| Untracked |  0
|2038|0x00000000ff600000, 0x00000000ff600000, 0x00000000ff700000|  0%| F|  |TAMS 0x00000000ff600000| PB 0x00000000ff600000| Untracked |  0
|2039|0x00000000ff700000, 0x00000000ff700000, 0x00000000ff800000|  0%| F|  |TAMS 0x00000000ff700000| PB 0x00000000ff700000| Untracked |  0
|2040|0x00000000ff800000, 0x00000000ff800000, 0x00000000ff900000|  0%| F|  |TAMS 0x00000000ff800000| PB 0x00000000ff800000| Untracked |  0
|2041|0x00000000ff900000, 0x00000000ffa00000, 0x00000000ffa00000|100%| O|  |TAMS 0x00000000ffa00000| PB 0x00000000ffa00000| Untracked |  0
|2042|0x00000000ffa00000, 0x00000000ffb00000, 0x00000000ffb00000|100%| O|  |TAMS 0x00000000ffb00000| PB 0x00000000ffb00000| Untracked |  0
|2043|0x00000000ffb00000, 0x00000000ffb00000, 0x00000000ffc00000|  0%| F|  |TAMS 0x00000000ffb00000| PB 0x00000000ffb00000| Untracked |  0
|2044|0x00000000ffc00000, 0x00000000ffc00000, 0x00000000ffd00000|  0%| F|  |TAMS 0x00000000ffc00000| PB 0x00000000ffc00000| Untracked |  0
|2045|0x00000000ffd00000, 0x00000000ffd814c0, 0x00000000ffe00000| 50%| E|  |TAMS 0x00000000ffd00000| PB 0x00000000ffd00000| Complete |  0
|2046|0x00000000ffe00000, 0x00000000fff00000, 0x00000000fff00000|100%| O|  |TAMS 0x00000000fff00000| PB 0x00000000fff00000| Untracked |  0
|2047|0x00000000fff00000, 0x0000000100000000, 0x0000000100000000|100%| O|  |TAMS 0x0000000100000000| PB 0x0000000100000000| Untracked |  0

Card table byte_map: [0x000002157f690000,0x000002157fa90000] _byte_map_base: 0x000002157f290000

Marking Bits: (CMBitMap*) 0x0000021567bbbd60
 Bits: [0x0000021500000000, 0x0000021502000000)

Polling page: 0x00000215658f0000

Metaspace:

Usage:
  Non-class:    113.50 MB used.
      Class:     17.80 MB used.
       Both:    131.29 MB used.

Virtual space:
  Non-class space:      128.00 MB reserved,     114.81 MB ( 90%) committed,  2 nodes.
      Class space:        1.00 GB reserved,      18.94 MB (  2%) committed,  1 nodes.
             Both:        1.12 GB reserved,     133.75 MB ( 12%) committed. 

Chunk freelists:
   Non-Class:  12.61 MB
       Class:  12.94 MB
        Both:  25.55 MB

MaxMetaspaceSize: unlimited
CompressedClassSpaceSize: 1.00 GB
Initial GC threshold: 21.00 MB
Current GC threshold: 206.25 MB
CDS: on
 - commit_granule_bytes: 65536.
 - commit_granule_words: 8192.
 - virtual_space_node_default_size: 8388608.
 - enlarge_chunks_in_place: 1.
 - use_allocation_guard: 0.


Internal statistics:

num_allocs_failed_limit: 3.
num_arena_births: 4402.
num_arena_deaths: 0.
num_vsnodes_births: 3.
num_vsnodes_deaths: 0.
num_space_committed: 2138.
num_space_uncommitted: 0.
num_chunks_returned_to_freelist: 3.
num_chunks_taken_from_freelist: 9786.
num_chunk_merges: 3.
num_chunk_splits: 6930.
num_chunks_enlarged: 4889.
num_inconsistent_stats: 0.

CodeHeap 'non-profiled nmethods': size=120064Kb used=5330Kb max_used=5518Kb free=114733Kb
 bounds [0x0000021577d50000, 0x00000215782c0000, 0x000002157f290000]
CodeHeap 'profiled nmethods': size=120000Kb used=17484Kb max_used=17899Kb free=102515Kb
 bounds [0x0000021570290000, 0x0000021571410000, 0x00000215777c0000]
CodeHeap 'non-nmethods': size=5696Kb used=3077Kb max_used=3119Kb free=2618Kb
 bounds [0x00000215777c0000, 0x0000021577af0000, 0x0000021577d50000]
CodeCache: size=245760Kb, used=25891Kb, max_used=26536Kb, free=219866Kb
 total_blobs=13123, nmethods=11965, adapters=1062, full_count=0
Compilation: enabled, stopped_count=0, restarted_count=0

Compilation events (20 events):
Event: 248.635 Thread 0x000002150418ee30 14174       1       org.jetbrains.kotlin.serialization.deserialization.DeserializationComponents::getExtensionRegistryLite (5 bytes)
Event: 248.635 Thread 0x000002150418ee30 nmethod 14174 0x00000215782ac988 code [0x00000215782acaa0, 0x00000215782acb68]
Event: 248.653 Thread 0x000002150418ee30 14177       3       org.jetbrains.kotlin.load.java.lazy.LazyJavaPackageFragmentProvider::isEmpty (32 bytes)
Event: 248.655 Thread 0x000002150418ee30 nmethod 14177 0x0000021571408c88 code [0x0000021571408e40, 0x0000021571409578]
Event: 248.655 Thread 0x000002150418ee30 14178       3       org.jetbrains.kotlin.metadata.jvm.deserialization.JvmNameResolverBase::getQualifiedClassName (6 bytes)
Event: 248.656 Thread 0x000002150418ee30 nmethod 14178 0x0000021571409608 code [0x0000021571409720, 0x00000215714098e0]
Event: 248.656 Thread 0x000002150418ee30 14179       3       org.jetbrains.kotlin.metadata.jvm.deserialization.JvmNameResolverBase::isLocalClassName (14 bytes)
Event: 248.657 Thread 0x000002150418ee30 nmethod 14179 0x0000021571409908 code [0x0000021571409a60, 0x0000021571409e88]
Event: 248.657 Thread 0x000002150418ee30 14180       3       org.jetbrains.kotlin.types.AbstractTypeConstructor::getSupertypes (16 bytes)
Event: 248.657 Thread 0x000002150418ee30 nmethod 14180 0x0000021571409f08 code [0x000002157140a040, 0x000002157140a308]
Event: 248.680 Thread 0x00000215041897c0 nmethod 14176 0x00000215782acc88 code [0x00000215782acf00, 0x00000215782adaa0]
Event: 248.688 Thread 0x000002150418ee30 14181       3       org.jetbrains.kotlin.name.Name::getIdentifier (47 bytes)
Event: 248.689 Thread 0x000002150418ee30 nmethod 14181 0x000002157140a388 code [0x000002157140a580, 0x000002157140ae00]
Event: 248.689 Thread 0x000002150418ee30 14182       1       org.jetbrains.kotlin.load.java.structure.impl.classFiles.BinaryJavaClass::getConstructors (5 bytes)
Event: 248.690 Thread 0x000002150418ee30 nmethod 14182 0x00000215782adc88 code [0x00000215782adda0, 0x00000215782ade68]
Event: 248.767 Thread 0x00000215041897c0 14183       4       org.jetbrains.kotlin.name.FqNameUnsafe$1::invoke (9 bytes)
Event: 248.831 Thread 0x00000215041897c0 nmethod 14183 0x00000215782adf88 code [0x00000215782ae0a0, 0x00000215782ae248]
Event: 248.831 Thread 0x00000215041897c0 14184   !   4       org.jetbrains.kotlin.metadata.ProtoBuf$Type::<init> (875 bytes)
Event: 249.054 Thread 0x00000215041897c0 nmethod 14184 0x00000215782ae308 code [0x00000215782ae840, 0x00000215782b3600]
Event: 249.162 Thread 0x00000215041897c0 14185       4       org.jetbrains.org.objectweb.asm.ClassReader::getFirstAttributeOffset (136 bytes)

GC Heap History (20 events):
Event: 153.529 GC heap before
{Heap before GC invocations=47 (full 0):
 garbage-first heap   total reserved 2097152K, committed 211968K, used 188089K [0x0000000080000000, 0x0000000100000000)
  region size 1024K, 49 young (50176K), 3 survivors (3072K)
 Metaspace       used 91438K, committed 93696K, reserved 1179648K
  class space    used 13029K, committed 14080K, reserved 1048576K
}
Event: 153.553 GC heap after
{Heap after GC invocations=48 (full 0):
 garbage-first heap   total reserved 2097152K, committed 211968K, used 143267K [0x0000000080000000, 0x0000000100000000)
  region size 1024K, 5 young (5120K), 5 survivors (5120K)
 Metaspace       used 91438K, committed 93696K, reserved 1179648K
  class space    used 13029K, committed 14080K, reserved 1048576K
}
Event: 158.679 GC heap before
{Heap before GC invocations=49 (full 0):
 garbage-first heap   total reserved 2097152K, committed 239616K, used 192419K [0x0000000080000000, 0x0000000100000000)
  region size 1024K, 52 young (53248K), 5 survivors (5120K)
 Metaspace       used 94599K, committed 96896K, reserved 1179648K
  class space    used 13441K, committed 14528K, reserved 1048576K
}
Event: 158.697 GC heap after
{Heap after GC invocations=50 (full 0):
 garbage-first heap   total reserved 2097152K, committed 239616K, used 147374K [0x0000000080000000, 0x0000000100000000)
  region size 1024K, 7 young (7168K), 7 survivors (7168K)
 Metaspace       used 94599K, committed 96896K, reserved 1179648K
  class space    used 13441K, committed 14528K, reserved 1048576K
}
Event: 164.639 GC heap before
{Heap before GC invocations=50 (full 0):
 garbage-first heap   total reserved 2097152K, committed 239616K, used 206766K [0x0000000080000000, 0x0000000100000000)
  region size 1024K, 65 young (66560K), 7 survivors (7168K)
 Metaspace       used 99269K, committed 101568K, reserved 1179648K
  class space    used 13952K, committed 15040K, reserved 1048576K
}
Event: 164.663 GC heap after
{Heap after GC invocations=51 (full 0):
 garbage-first heap   total reserved 2097152K, committed 239616K, used 148879K [0x0000000080000000, 0x0000000100000000)
  region size 1024K, 7 young (7168K), 7 survivors (7168K)
 Metaspace       used 99269K, committed 101568K, reserved 1179648K
  class space    used 13952K, committed 15040K, reserved 1048576K
}
Event: 170.258 GC heap before
{Heap before GC invocations=51 (full 0):
 garbage-first heap   total reserved 2097152K, committed 239616K, used 209295K [0x0000000080000000, 0x0000000100000000)
  region size 1024K, 66 young (67584K), 7 survivors (7168K)
 Metaspace       used 106965K, committed 109312K, reserved 1179648K
  class space    used 14765K, committed 15872K, reserved 1048576K
}
Event: 170.280 GC heap after
{Heap after GC invocations=52 (full 0):
 garbage-first heap   total reserved 2097152K, committed 239616K, used 152361K [0x0000000080000000, 0x0000000100000000)
  region size 1024K, 7 young (7168K), 7 survivors (7168K)
 Metaspace       used 106965K, committed 109312K, reserved 1179648K
  class space    used 14765K, committed 15872K, reserved 1048576K
}
Event: 180.670 GC heap before
{Heap before GC invocations=53 (full 0):
 garbage-first heap   total reserved 2097152K, committed 254976K, used 216873K [0x0000000080000000, 0x0000000100000000)
  region size 1024K, 67 young (68608K), 7 survivors (7168K)
 Metaspace       used 114758K, committed 117120K, reserved 1179648K
  class space    used 15631K, committed 16768K, reserved 1048576K
}
Event: 180.703 GC heap after
{Heap after GC invocations=54 (full 0):
 garbage-first heap   total reserved 2097152K, committed 254976K, used 160685K [0x0000000080000000, 0x0000000100000000)
  region size 1024K, 8 young (8192K), 8 survivors (8192K)
 Metaspace       used 114758K, committed 117120K, reserved 1179648K
  class space    used 15631K, committed 16768K, reserved 1048576K
}
Event: 195.956 GC heap before
{Heap before GC invocations=54 (full 0):
 garbage-first heap   total reserved 2097152K, committed 254976K, used 229293K [0x0000000080000000, 0x0000000100000000)
  region size 1024K, 72 young (73728K), 8 survivors (8192K)
 Metaspace       used 119873K, committed 122304K, reserved 1179648K
  class space    used 16219K, committed 17408K, reserved 1048576K
}
Event: 195.981 GC heap after
{Heap after GC invocations=55 (full 0):
 garbage-first heap   total reserved 2097152K, committed 254976K, used 165194K [0x0000000080000000, 0x0000000100000000)
  region size 1024K, 8 young (8192K), 8 survivors (8192K)
 Metaspace       used 119873K, committed 122304K, reserved 1179648K
  class space    used 16219K, committed 17408K, reserved 1048576K
}
Event: 206.473 GC heap before
{Heap before GC invocations=55 (full 0):
 garbage-first heap   total reserved 2097152K, committed 254976K, used 190794K [0x0000000080000000, 0x0000000100000000)
  region size 1024K, 34 young (34816K), 8 survivors (8192K)
 Metaspace       used 124184K, committed 126592K, reserved 1179648K
  class space    used 16830K, committed 17984K, reserved 1048576K
}
Event: 206.498 GC heap after
{Heap after GC invocations=56 (full 0):
 garbage-first heap   total reserved 2097152K, committed 254976K, used 167617K [0x0000000080000000, 0x0000000100000000)
  region size 1024K, 6 young (6144K), 6 survivors (6144K)
 Metaspace       used 124184K, committed 126592K, reserved 1179648K
  class space    used 16830K, committed 17984K, reserved 1048576K
}
Event: 215.777 GC heap before
{Heap before GC invocations=57 (full 0):
 garbage-first heap   total reserved 2097152K, committed 288768K, used 238273K [0x0000000080000000, 0x0000000100000000)
  region size 1024K, 70 young (71680K), 6 survivors (6144K)
 Metaspace       used 127829K, committed 130368K, reserved 1179648K
  class space    used 17333K, committed 18560K, reserved 1048576K
}
Event: 215.817 GC heap after
{Heap after GC invocations=58 (full 0):
 garbage-first heap   total reserved 2097152K, committed 288768K, used 174356K [0x0000000080000000, 0x0000000100000000)
  region size 1024K, 8 young (8192K), 8 survivors (8192K)
 Metaspace       used 127829K, committed 130368K, reserved 1179648K
  class space    used 17333K, committed 18560K, reserved 1048576K
}
Event: 237.449 GC heap before
{Heap before GC invocations=58 (full 0):
 garbage-first heap   total reserved 2097152K, committed 288768K, used 257300K [0x0000000080000000, 0x0000000100000000)
  region size 1024K, 86 young (88064K), 8 survivors (8192K)
 Metaspace       used 134060K, committed 136576K, reserved 1179648K
  class space    used 18190K, committed 19392K, reserved 1048576K
}
Event: 237.484 GC heap after
{Heap after GC invocations=59 (full 0):
 garbage-first heap   total reserved 2097152K, committed 288768K, used 180764K [0x0000000080000000, 0x0000000100000000)
  region size 1024K, 10 young (10240K), 10 survivors (10240K)
 Metaspace       used 134060K, committed 136576K, reserved 1179648K
  class space    used 18190K, committed 19392K, reserved 1048576K
}
Event: 248.776 GC heap before
{Heap before GC invocations=59 (full 0):
 garbage-first heap   total reserved 2097152K, committed 288768K, used 235036K [0x0000000080000000, 0x0000000100000000)
  region size 1024K, 64 young (65536K), 10 survivors (10240K)
 Metaspace       used 134444K, committed 136960K, reserved 1179648K
  class space    used 18225K, committed 19392K, reserved 1048576K
}
Event: 248.831 GC heap after
{Heap after GC invocations=60 (full 0):
 garbage-first heap   total reserved 2097152K, committed 288768K, used 190115K [0x0000000080000000, 0x0000000100000000)
  region size 1024K, 11 young (11264K), 11 survivors (11264K)
 Metaspace       used 134444K, committed 136960K, reserved 1179648K
  class space    used 18225K, committed 19392K, reserved 1048576K
}

Dll operation events (15 events):
Event: 0.014 Loaded shared library C:\Users\wwwam\.jdks\openjdk-23.0.1\bin\java.dll
Event: 0.061 Loaded shared library C:\Users\wwwam\.jdks\openjdk-23.0.1\bin\jsvml.dll
Event: 0.144 Loaded shared library C:\Users\wwwam\.jdks\openjdk-23.0.1\bin\zip.dll
Event: 0.150 Loaded shared library C:\Users\wwwam\.jdks\openjdk-23.0.1\bin\instrument.dll
Event: 0.156 Loaded shared library C:\Users\wwwam\.jdks\openjdk-23.0.1\bin\net.dll
Event: 0.159 Loaded shared library C:\Users\wwwam\.jdks\openjdk-23.0.1\bin\nio.dll
Event: 0.163 Loaded shared library C:\Users\wwwam\.jdks\openjdk-23.0.1\bin\zip.dll
Event: 0.584 Loaded shared library C:\Users\wwwam\.jdks\openjdk-23.0.1\bin\jimage.dll
Event: 1.166 Loaded shared library C:\Users\wwwam\.jdks\openjdk-23.0.1\bin\verify.dll
Event: 4.010 Loaded shared library C:\Users\wwwam\.gradle\native\c067742578af261105cb4f569cf0c3c89f3d7b1fecec35dd04571415982c5e48\windows-amd64\native-platform.dll
Event: 4.179 Loaded shared library C:\Users\wwwam\.gradle\native\100fb08df4bc3b14c8652ba06237920a3bd2aa13389f12d3474272988ae205f9\windows-amd64\native-platform-file-events.dll
Event: 10.483 Loaded shared library C:\Users\wwwam\.jdks\openjdk-23.0.1\bin\management.dll
Event: 10.586 Loaded shared library C:\Users\wwwam\.jdks\openjdk-23.0.1\bin\management_ext.dll
Event: 13.353 Loaded shared library C:\Users\wwwam\.jdks\openjdk-23.0.1\bin\extnet.dll
Event: 15.972 Loaded shared library C:\Users\wwwam\.jdks\openjdk-23.0.1\bin\sunmscapi.dll

Deoptimization events (20 events):
Event: 246.219 Thread 0x000002154a850150 Uncommon trap: trap_request=0xffffffc6 fr.pc=0x0000021578134674 relative=0x00000000000008f4
Event: 246.219 Thread 0x000002154a850150 Uncommon trap: reason=bimorphic_or_optimized_type_check action=maybe_recompile pc=0x0000021578134674 method=org.jetbrains.kotlin.storage.LockBasedStorageManager$MapBasedMemoizedFunction.invoke(Ljava/lang/Object;)Ljava/lang/Object; @ 34 c2
Event: 246.219 Thread 0x000002154a850150 DEOPT PACKING pc=0x0000021578134674 sp=0x000000afa6cf58c0
Event: 246.219 Thread 0x000002154a850150 DEOPT UNPACKING pc=0x0000021577814402 sp=0x000000afa6cf5880 mode 2
Event: 246.219 Thread 0x000002154a850150 Uncommon trap: trap_request=0xffffffc6 fr.pc=0x0000021578134674 relative=0x00000000000008f4
Event: 246.219 Thread 0x000002154a850150 Uncommon trap: reason=bimorphic_or_optimized_type_check action=maybe_recompile pc=0x0000021578134674 method=org.jetbrains.kotlin.storage.LockBasedStorageManager$MapBasedMemoizedFunction.invoke(Ljava/lang/Object;)Ljava/lang/Object; @ 34 c2
Event: 246.219 Thread 0x000002154a850150 DEOPT PACKING pc=0x0000021578134674 sp=0x000000afa6cf58c0
Event: 246.219 Thread 0x000002154a850150 DEOPT UNPACKING pc=0x0000021577814402 sp=0x000000afa6cf5880 mode 2
Event: 247.638 Thread 0x000002154a850150 Uncommon trap: trap_request=0xffffffde fr.pc=0x000002157813edd8 relative=0x0000000000001b78
Event: 247.638 Thread 0x000002154a850150 Uncommon trap: reason=class_check action=maybe_recompile pc=0x000002157813edd8 method=org.jetbrains.org.objectweb.asm.ClassReader.readElementValue(Lorg/jetbrains/org/objectweb/asm/AnnotationVisitor;ILjava/lang/String;[C)I @ 536 c2
Event: 247.638 Thread 0x000002154a850150 DEOPT PACKING pc=0x000002157813edd8 sp=0x000000afa6cf5160
Event: 247.638 Thread 0x000002154a850150 DEOPT UNPACKING pc=0x0000021577814402 sp=0x000000afa6cf50f0 mode 2
Event: 247.872 Thread 0x000002154a850150 Uncommon trap: trap_request=0xffffff45 fr.pc=0x0000021578162268 relative=0x0000000000006bc8
Event: 247.872 Thread 0x000002154a850150 Uncommon trap: reason=unstable_if action=reinterpret pc=0x0000021578162268 method=org.jetbrains.org.objectweb.asm.ClassReader.readMethod(Lorg/jetbrains/org/objectweb/asm/ClassVisitor;Lorg/jetbrains/org/objectweb/asm/Context;I)I @ 754 c2
Event: 247.872 Thread 0x000002154a850150 DEOPT PACKING pc=0x0000021578162268 sp=0x000000afa6cf3a40
Event: 247.872 Thread 0x000002154a850150 DEOPT UNPACKING pc=0x0000021577814402 sp=0x000000afa6cf3a88 mode 2
Event: 248.689 Thread 0x000002154a850150 Uncommon trap: trap_request=0xffffff45 fr.pc=0x000002157814a89c relative=0x000000000000023c
Event: 248.689 Thread 0x000002154a850150 Uncommon trap: reason=unstable_if action=reinterpret pc=0x000002157814a89c method=org.jetbrains.kotlin.protobuf.SmallSortedMap.binarySearchInArray(Ljava/lang/Comparable;)I @ 54 c2
Event: 248.689 Thread 0x000002154a850150 DEOPT PACKING pc=0x000002157814a89c sp=0x000000afa6cf4340
Event: 248.689 Thread 0x000002154a850150 DEOPT UNPACKING pc=0x0000021577814402 sp=0x000000afa6cf42d0 mode 2

Classes loaded (20 events):
Event: 220.468 Loading class javax/management/NotificationFilter
Event: 220.468 Loading class javax/management/NotificationFilter done
Event: 220.468 Loading class javax/management/ListenerNotFoundException
Event: 220.468 Loading class javax/management/OperationsException
Event: 220.473 Loading class javax/management/JMException
Event: 220.473 Loading class javax/management/JMException done
Event: 220.473 Loading class javax/management/OperationsException done
Event: 220.473 Loading class javax/management/ListenerNotFoundException done
Event: 220.473 Loading class jdk/jfr/Recording
Event: 220.487 Loading class jdk/jfr/Recording done
Event: 220.487 Loading class jdk/jfr/FlightRecorder
Event: 220.488 Loading class jdk/jfr/FlightRecorder done
Event: 220.488 Loading class jdk/management/jfr/FlightRecorderMXBeanImpl$MXBeanListener
Event: 220.489 Loading class jdk/jfr/FlightRecorderListener
Event: 220.489 Loading class jdk/jfr/FlightRecorderListener done
Event: 220.489 Loading class jdk/management/jfr/FlightRecorderMXBeanImpl$MXBeanListener done
Event: 221.021 Loading class com/sun/jmx/mbeanserver/StandardMBeanSupport
Event: 221.032 Loading class com/sun/jmx/mbeanserver/StandardMBeanSupport done
Event: 221.032 Loading class com/sun/jmx/mbeanserver/StandardMBeanIntrospector
Event: 221.044 Loading class com/sun/jmx/mbeanserver/StandardMBeanIntrospector done

Classes unloaded (0 events):
No events

Classes redefined (0 events):
No events

Internal exceptions (20 events):
Event: 219.029 Thread 0x000002154a850150 Implicit null exception at 0x0000021577f91e5f to 0x0000021577f91eec
Event: 219.035 Thread 0x000002154a850150 Exception <a 'java/lang/IncompatibleClassChangeError'{0x00000000905efd70}: Found class java.lang.Object, but interface was expected> (0x00000000905efd70) 
thrown [s\open\src\hotspot\share\interpreter\linkResolver.cpp, line 863]
Event: 233.782 Thread 0x000002154a850150 Exception <a 'java/lang/NoSuchMethodError'{0x000000008d14b590}: 'java.lang.Object java.lang.invoke.DirectMethodHandle$Holder.newInvokeSpecial(java.lang.Object, java.lang.Object, java.lang.Object, java.lang.Object, java.lang.Object, java.lang.Object, java.lang.Object, java.lang.Object, java.lang.Object, java.lang.Object, java.lang.Object, java.lang.Object, java.lang.Object, java.lang.Object, java.lang.Object, java.lang.Object, java.lang.Object, java.lang.Object, java.lang.Object, java.lang.Object, java.lang
Event: 233.783 Thread 0x000002154a850150 Exception <a 'java/lang/NoSuchMethodError'{0x000000008d153a50}: 'java.lang.Object java.lang.invoke.DirectMethodHandle$Holder.invokeSpecial(java.lang.Object, java.lang.Object, java.lang.Object, java.lang.Object, java.lang.Object, java.lang.Object, java.lang.Object, java.lang.Object, java.lang.Object, java.lang.Object, java.lang.Object, java.lang.Object, java.lang.Object, java.lang.Object, java.lang.Object, java.lang.Object, java.lang.Object, java.lang.Object, java.lang.Object, java.lang.Object, java.lang.Ob
Event: 233.784 Thread 0x000002154a850150 Exception <a 'java/lang/NoSuchMethodError'{0x000000008d15a7f8}: 'java.lang.Object java.lang.invoke.DelegatingMethodHandle$Holder.reinvoke_L(java.lang.Object, java.lang.Object, java.lang.Object, java.lang.Object, java.lang.Object, java.lang.Object, java.lang.Object, java.lang.Object, java.lang.Object, java.lang.Object, java.lang.Object, java.lang.Object, java.lang.Object, java.lang.Object, java.lang.Object, java.lang.Object, java.lang.Object, java.lang.Object, java.lang.Object, java.lang.Object, java.lang.O
Event: 234.666 Thread 0x000002154a850150 Exception <a 'java/lang/ClassNotFoundException'{0x000000008cce7400}: org/jetbrains/kotlin/gradle/targets/js/npm/DefaultNpmDependencyExtensionBeanInfo> (0x000000008cce7400) 
thrown [s\open\src\hotspot\share\classfile\systemDictionary.cpp, line 313]
Event: 234.667 Thread 0x000002154a850150 Exception <a 'java/lang/ClassNotFoundException'{0x000000008ccf5850}: org/jetbrains/kotlin/gradle/targets/js/npm/DefaultNpmDependencyExtensionCustomizer> (0x000000008ccf5850) 
thrown [s\open\src\hotspot\share\classfile\systemDictionary.cpp, line 313]
Event: 234.811 Thread 0x000002154a850150 Exception <a 'java/lang/ClassNotFoundException'{0x000000008cb88628}: org/jetbrains/kotlin/gradle/targets/js/npm/NpmDependencyExtensionKt$defaultNpmDependencyDelegate$1BeanInfo> (0x000000008cb88628) 
thrown [s\open\src\hotspot\share\classfile\systemDictionary.cpp, line 313]
Event: 234.814 Thread 0x000002154a850150 Exception <a 'java/lang/ClassNotFoundException'{0x000000008cb98028}: org/jetbrains/kotlin/gradle/targets/js/npm/NpmDependencyExtensionDelegateBeanInfo> (0x000000008cb98028) 
thrown [s\open\src\hotspot\share\classfile\systemDictionary.cpp, line 313]
Event: 234.817 Thread 0x000002154a850150 Exception <a 'java/lang/ClassNotFoundException'{0x000000008cba6cd8}: org/jetbrains/kotlin/gradle/targets/js/npm/NpmDependencyExtensionDelegateCustomizer> (0x000000008cba6cd8) 
thrown [s\open\src\hotspot\share\classfile\systemDictionary.cpp, line 313]
Event: 234.827 Thread 0x000002154a850150 Exception <a 'java/lang/ClassNotFoundException'{0x000000008cbd85b0}: org/jetbrains/kotlin/gradle/targets/js/npm/NpmDependencyExtensionKt$defaultNpmDependencyDelegate$1Customizer> (0x000000008cbd85b0) 
thrown [s\open\src\hotspot\share\classfile\systemDictionary.cpp, line 313]
Event: 234.843 Thread 0x000002154a850150 Exception <a 'java/lang/ClassNotFoundException'{0x000000008ca19840}: org/jetbrains/kotlin/gradle/targets/js/npm/DefaultDevNpmDependencyExtensionBeanInfo> (0x000000008ca19840) 
thrown [s\open\src\hotspot\share\classfile\systemDictionary.cpp, line 313]
Event: 234.846 Thread 0x000002154a850150 Exception <a 'java/lang/ClassNotFoundException'{0x000000008ca27ce8}: org/jetbrains/kotlin/gradle/targets/js/npm/DefaultDevNpmDependencyExtensionCustomizer> (0x000000008ca27ce8) 
thrown [s\open\src\hotspot\share\classfile\systemDictionary.cpp, line 313]
Event: 234.853 Thread 0x000002154a850150 Exception <a 'java/lang/ClassNotFoundException'{0x000000008ca716d8}: org/jetbrains/kotlin/gradle/targets/js/npm/DefaultPeerNpmDependencyExtensionBeanInfo> (0x000000008ca716d8) 
thrown [s\open\src\hotspot\share\classfile\systemDictionary.cpp, line 313]
Event: 234.855 Thread 0x000002154a850150 Exception <a 'java/lang/ClassNotFoundException'{0x000000008ca7fba8}: org/jetbrains/kotlin/gradle/targets/js/npm/DefaultPeerNpmDependencyExtensionCustomizer> (0x000000008ca7fba8) 
thrown [s\open\src\hotspot\share\classfile\systemDictionary.cpp, line 313]
Event: 234.862 Thread 0x000002154a850150 Exception <a 'java/lang/ClassNotFoundException'{0x000000008cad2268}: org/jetbrains/kotlin/gradle/targets/js/npm/DefaultPeerNpmDependencyExtension$delegate$1BeanInfo> (0x000000008cad2268) 
thrown [s\open\src\hotspot\share\classfile\systemDictionary.cpp, line 313]
Event: 234.864 Thread 0x000002154a850150 Exception <a 'java/lang/ClassNotFoundException'{0x000000008cae09b8}: org/jetbrains/kotlin/gradle/targets/js/npm/DefaultPeerNpmDependencyExtension$delegate$1Customizer> (0x000000008cae09b8) 
thrown [s\open\src\hotspot\share\classfile\systemDictionary.cpp, line 313]
Event: 235.111 Thread 0x000002154a850150 Exception <a 'java/lang/NoSuchMethodError'{0x000000008c191080}: static Lorg/jetbrains/kotlin/gradle/plugin/internal/DefaultIdeaSyncDetector$createIdeaPropertiesEvaluator$1;.<clinit>()V> (0x000000008c191080) 
thrown [s\open\src\hotspot\share\prims\jni.cpp, line 1111]
Event: 246.052 Thread 0x000002154a850150 Exception <a 'sun/nio/fs/WindowsException'{0x000000008f892888}> (0x000000008f892888) 
thrown [s\open\src\hotspot\share\prims\jni.cpp, line 520]
Event: 246.099 Thread 0x000002154a850150 Exception <a 'sun/nio/fs/WindowsException'{0x000000008f894650}> (0x000000008f894650) 
thrown [s\open\src\hotspot\share\prims\jni.cpp, line 520]

VM Operations (20 events):
Event: 206.983 Executing VM operation: G1PauseCleanup done
Event: 215.777 Executing VM operation: G1CollectForAllocation (G1 Evacuation Pause)
Event: 215.817 Executing VM operation: G1CollectForAllocation (G1 Evacuation Pause) done
Event: 217.717 Executing VM operation: HandshakeAllThreads (Deoptimize)
Event: 217.718 Executing VM operation: HandshakeAllThreads (Deoptimize) done
Event: 221.490 Executing VM operation: HandshakeAllThreads (Deoptimize)
Event: 221.490 Executing VM operation: HandshakeAllThreads (Deoptimize) done
Event: 223.448 Executing VM operation: HandshakeAllThreads (Deoptimize)
Event: 223.449 Executing VM operation: HandshakeAllThreads (Deoptimize) done
Event: 237.448 Executing VM operation: G1CollectForAllocation (G1 Evacuation Pause)
Event: 237.484 Executing VM operation: G1CollectForAllocation (G1 Evacuation Pause) done
Event: 240.951 Executing VM operation: HandshakeAllThreads (HandshakeForDeflation)
Event: 240.951 Executing VM operation: HandshakeAllThreads (HandshakeForDeflation) done
Event: 240.951 Executing VM operation: RendezvousGCThreads
Event: 240.951 Executing VM operation: RendezvousGCThreads done
Event: 248.719 Executing VM operation: HandshakeAllThreads (Deoptimize)
Event: 248.719 Executing VM operation: HandshakeAllThreads (Deoptimize) done
Event: 248.776 Executing VM operation: G1TryInitiateConcMark (G1 Humongous Allocation)
Event: 248.831 Executing VM operation: G1TryInitiateConcMark (G1 Humongous Allocation) done
Event: 249.162 Executing VM operation: G1PauseRemark

Memory protections (0 events):
No events

Nmethod flushes (20 events):
Event: 249.174 Thread 0x0000021504148080 flushing  nmethod 0x0000021570508988
Event: 249.174 Thread 0x0000021504148080 flushing  nmethod 0x000002157063b488
Event: 249.174 Thread 0x0000021504148080 flushing  nmethod 0x00000215706d1808
Event: 249.174 Thread 0x0000021504148080 flushing  nmethod 0x000002157076af88
Event: 249.174 Thread 0x0000021504148080 flushing  nmethod 0x0000021570816708
Event: 249.174 Thread 0x0000021504148080 flushing  nmethod 0x0000021570842208
Event: 249.174 Thread 0x0000021504148080 flushing  nmethod 0x0000021570860688
Event: 249.174 Thread 0x0000021504148080 flushing  nmethod 0x0000021570861308
Event: 249.174 Thread 0x0000021504148080 flushing  nmethod 0x000002157090bc88
Event: 249.174 Thread 0x0000021504148080 flushing  nmethod 0x00000215709aa808
Event: 249.174 Thread 0x0000021504148080 flushing  nmethod 0x00000215709c1d08
Event: 249.174 Thread 0x0000021504148080 flushing  nmethod 0x00000215709e0288
Event: 249.174 Thread 0x0000021504148080 flushing osr nmethod 0x0000021570b20d88
Event: 249.174 Thread 0x0000021504148080 flushing  nmethod 0x0000021570b3b488
Event: 249.174 Thread 0x0000021504148080 flushing  nmethod 0x0000021570cb5f88
Event: 249.174 Thread 0x0000021504148080 flushing  nmethod 0x0000021570dae008
Event: 249.174 Thread 0x0000021504148080 flushing  nmethod 0x000002157112a888
Event: 249.174 Thread 0x0000021504148080 flushing  nmethod 0x0000021571134908
Event: 249.174 Thread 0x0000021504148080 flushing  nmethod 0x00000215711b1c08
Event: 249.174 Thread 0x0000021504148080 flushing  nmethod 0x0000021571212088

Events (20 events):
Event: 56.306 Thread 0x000002154a850150 Thread added: 0x000002154cdd93d0
Event: 56.638 Thread 0x000002154a850150 Thread added: 0x000002154cdd86b0
Event: 56.639 Thread 0x000002154a850150 Thread added: 0x000002154cddb4a0
Event: 60.361 Thread 0x000002154a850150 Thread added: 0x000002154cdda780
Event: 60.362 Thread 0x000002154a850150 Thread added: 0x000002154cdd9a60
Event: 60.363 Thread 0x000002154a850150 Thread added: 0x000002154cdda0f0
Event: 61.732 Thread 0x000002154a850150 Thread added: 0x000002154cddae10
Event: 61.733 Thread 0x000002154a850150 Thread added: 0x000002154cdd8020
Event: 61.735 Thread 0x000002154a850150 Thread added: 0x00000215048bb410
Event: 89.161 Thread 0x000002154a850150 Thread added: 0x000002154b46eae0
Event: 89.161 Thread 0x000002154a850150 Thread added: 0x000002154b46afd0
Event: 89.161 Thread 0x000002154a850150 Thread added: 0x000002154b468f00
Event: 89.301 Thread 0x000002154a850150 Thread added: 0x000002154b46b660
Event: 89.303 Thread 0x000002154a850150 Thread added: 0x000002154b46bcf0
Event: 89.305 Thread 0x000002154a850150 Thread added: 0x000002154b46c380
Event: 90.700 Thread 0x000002154a850150 Thread added: 0x000002154b46d0a0
Event: 90.701 Thread 0x000002154a850150 Thread added: 0x000002154b467b50
Event: 90.702 Thread 0x000002154a850150 Thread added: 0x000002154b46f170
Event: 200.700 Thread 0x000002154a850150 Thread added: 0x000002155c9ad070
Event: 221.521 Thread 0x000002154a850150 Thread added: 0x000002155c9aeab0


Dynamic libraries:
0x00007ff7f9d00000 - 0x00007ff7f9d0e000 	C:\Users\wwwam\.jdks\openjdk-23.0.1\bin\java.exe
0x00007ffb9b5d0000 - 0x00007ffb9b7c8000 	C:\WINDOWS\SYSTEM32\ntdll.dll
0x00007ffb9a100000 - 0x00007ffb9a1c2000 	C:\WINDOWS\System32\KERNEL32.DLL
0x00007ffb98e50000 - 0x00007ffb9914e000 	C:\WINDOWS\System32\KERNELBASE.dll
0x00007ffb92da0000 - 0x00007ffb92e34000 	C:\WINDOWS\SYSTEM32\apphelp.dll
0x00007ffb99240000 - 0x00007ffb99340000 	C:\WINDOWS\System32\ucrtbase.dll
0x00007ffb90a50000 - 0x00007ffb90a67000 	C:\Users\wwwam\.jdks\openjdk-23.0.1\bin\jli.dll
0x00007ffb8fc90000 - 0x00007ffb8fcab000 	C:\Users\wwwam\.jdks\openjdk-23.0.1\bin\VCRUNTIME140.dll
0x00007ffb9a1e0000 - 0x00007ffb9a37d000 	C:\WINDOWS\System32\USER32.dll
0x00007ffb98d90000 - 0x00007ffb98db2000 	C:\WINDOWS\System32\win32u.dll
0x00007ffb9a620000 - 0x00007ffb9a64b000 	C:\WINDOWS\System32\GDI32.dll
0x00007ffb82b20000 - 0x00007ffb82dba000 	C:\WINDOWS\WinSxS\amd64_microsoft.windows.common-controls_6595b64144ccf1df_6.0.19041.4355_none_60b8b9eb71f62e16\COMCTL32.dll
0x00007ffb98c70000 - 0x00007ffb98d87000 	C:\WINDOWS\System32\gdi32full.dll
0x00007ffb9a750000 - 0x00007ffb9a7ee000 	C:\WINDOWS\System32\msvcrt.dll
0x00007ffb99340000 - 0x00007ffb993dd000 	C:\WINDOWS\System32\msvcp_win.dll
0x00007ffb9a720000 - 0x00007ffb9a74f000 	C:\WINDOWS\System32\IMM32.DLL
0x00007ffb90a80000 - 0x00007ffb90a8c000 	C:\Users\wwwam\.jdks\openjdk-23.0.1\bin\vcruntime140_1.dll
0x00007ffb70b80000 - 0x00007ffb70c0e000 	C:\Users\wwwam\.jdks\openjdk-23.0.1\bin\msvcp140.dll
0x00007ffb5f9c0000 - 0x00007ffb6070f000 	C:\Users\wwwam\.jdks\openjdk-23.0.1\bin\server\jvm.dll
0x00007ffb99a60000 - 0x00007ffb99b11000 	C:\WINDOWS\System32\ADVAPI32.dll
0x00007ffb9a400000 - 0x00007ffb9a49f000 	C:\WINDOWS\System32\sechost.dll
0x00007ffb99ee0000 - 0x00007ffb9a003000 	C:\WINDOWS\System32\RPCRT4.dll
0x00007ffb991a0000 - 0x00007ffb991c7000 	C:\WINDOWS\System32\bcrypt.dll
0x00007ffb9a650000 - 0x00007ffb9a6bb000 	C:\WINDOWS\System32\WS2_32.dll
0x00007ffb98200000 - 0x00007ffb9824b000 	C:\WINDOWS\SYSTEM32\POWRPROF.dll
0x00007ffb886c0000 - 0x00007ffb886e7000 	C:\WINDOWS\SYSTEM32\WINMM.dll
0x00007ffb8cde0000 - 0x00007ffb8cdea000 	C:\WINDOWS\SYSTEM32\VERSION.dll
0x00007ffb98070000 - 0x00007ffb98082000 	C:\WINDOWS\SYSTEM32\UMPDC.dll
0x00007ffb96af0000 - 0x00007ffb96b02000 	C:\WINDOWS\SYSTEM32\kernel.appcore.dll
0x00007ffb8fe10000 - 0x00007ffb8fe1a000 	C:\Users\wwwam\.jdks\openjdk-23.0.1\bin\jimage.dll
0x00007ffb93810000 - 0x00007ffb939f4000 	C:\WINDOWS\SYSTEM32\DBGHELP.DLL
0x00007ffb94010000 - 0x00007ffb94044000 	C:\WINDOWS\SYSTEM32\dbgcore.DLL
0x00007ffb98dc0000 - 0x00007ffb98e42000 	C:\WINDOWS\System32\bcryptPrimitives.dll
0x00007ffb8c7b0000 - 0x00007ffb8c7bf000 	C:\Users\wwwam\.jdks\openjdk-23.0.1\bin\instrument.dll
0x00007ffb80160000 - 0x00007ffb8017e000 	C:\Users\wwwam\.jdks\openjdk-23.0.1\bin\java.dll
0x00007ffb9b170000 - 0x00007ffb9b29b000 	C:\WINDOWS\System32\ole32.dll
0x00007ffb99b20000 - 0x00007ffb99e73000 	C:\WINDOWS\System32\combase.dll
0x00007ffb9a930000 - 0x00007ffb9b09d000 	C:\WINDOWS\System32\SHELL32.dll
0x00007ffb96cf0000 - 0x00007ffb97494000 	C:\WINDOWS\SYSTEM32\windows.storage.dll
0x00007ffb986a0000 - 0x00007ffb986ce000 	C:\WINDOWS\SYSTEM32\Wldp.dll
0x00007ffb9b0a0000 - 0x00007ffb9b16d000 	C:\WINDOWS\System32\OLEAUT32.dll
0x00007ffb9b4d0000 - 0x00007ffb9b57d000 	C:\WINDOWS\System32\SHCORE.dll
0x00007ffb9a5c0000 - 0x00007ffb9a615000 	C:\WINDOWS\System32\shlwapi.dll
0x00007ffb98ba0000 - 0x00007ffb98bc4000 	C:\WINDOWS\SYSTEM32\profapi.dll
0x00007ffb6e6a0000 - 0x00007ffb6e777000 	C:\Users\wwwam\.jdks\openjdk-23.0.1\bin\jsvml.dll
0x00007ffb7d2d0000 - 0x00007ffb7d2e7000 	C:\Users\wwwam\.jdks\openjdk-23.0.1\bin\zip.dll
0x00007ffb8c260000 - 0x00007ffb8c270000 	C:\Users\wwwam\.jdks\openjdk-23.0.1\bin\net.dll
0x00007ffb98400000 - 0x00007ffb9846a000 	C:\WINDOWS\system32\mswsock.dll
0x00007ffb7d270000 - 0x00007ffb7d286000 	C:\Users\wwwam\.jdks\openjdk-23.0.1\bin\nio.dll
0x00007ffb8c230000 - 0x00007ffb8c240000 	C:\Users\wwwam\.jdks\openjdk-23.0.1\bin\verify.dll
0x00007ffb91da0000 - 0x00007ffb91dc7000 	C:\Users\wwwam\.gradle\native\c067742578af261105cb4f569cf0c3c89f3d7b1fecec35dd04571415982c5e48\windows-amd64\native-platform.dll
0x00007ffb7b7f0000 - 0x00007ffb7b934000 	C:\Users\wwwam\.gradle\native\100fb08df4bc3b14c8652ba06237920a3bd2aa13389f12d3474272988ae205f9\windows-amd64\native-platform-file-events.dll
0x00007ffb8bfb0000 - 0x00007ffb8bfba000 	C:\Users\wwwam\.jdks\openjdk-23.0.1\bin\management.dll
0x00007ffb8a9c0000 - 0x00007ffb8a9cb000 	C:\Users\wwwam\.jdks\openjdk-23.0.1\bin\management_ext.dll
0x00007ffb9b580000 - 0x00007ffb9b588000 	C:\WINDOWS\System32\PSAPI.DLL
0x00007ffb985f0000 - 0x00007ffb98608000 	C:\WINDOWS\SYSTEM32\CRYPTSP.dll
0x00007ffb97cb0000 - 0x00007ffb97ce4000 	C:\WINDOWS\system32\rsaenh.dll
0x00007ffb98b60000 - 0x00007ffb98b8e000 	C:\WINDOWS\SYSTEM32\USERENV.dll
0x00007ffb98610000 - 0x00007ffb9861c000 	C:\WINDOWS\SYSTEM32\CRYPTBASE.dll
0x00007ffb98090000 - 0x00007ffb980cb000 	C:\WINDOWS\SYSTEM32\IPHLPAPI.DLL
0x00007ffb9a0f0000 - 0x00007ffb9a0f8000 	C:\WINDOWS\System32\NSI.dll
0x00007ffb83ad0000 - 0x00007ffb83ad9000 	C:\Users\wwwam\.jdks\openjdk-23.0.1\bin\extnet.dll
0x00007ffb827d0000 - 0x00007ffb827de000 	C:\Users\wwwam\.jdks\openjdk-23.0.1\bin\sunmscapi.dll
0x00007ffb993e0000 - 0x00007ffb9953c000 	C:\WINDOWS\System32\CRYPT32.dll
0x00007ffb98710000 - 0x00007ffb98737000 	C:\WINDOWS\SYSTEM32\ncrypt.dll
0x00007ffb986d0000 - 0x00007ffb9870b000 	C:\WINDOWS\SYSTEM32\NTASN1.dll
0x00007ffb95f60000 - 0x00007ffb95f67000 	C:\WINDOWS\system32\wshunix.dll

dbghelp: loaded successfully - version: 4.0.5 - missing functions: none
symbol engine: initialized successfully - sym options: 0x614 - pdb path: .;C:\Users\wwwam\.jdks\openjdk-23.0.1\bin;C:\WINDOWS\SYSTEM32;C:\WINDOWS\WinSxS\amd64_microsoft.windows.common-controls_6595b64144ccf1df_6.0.19041.4355_none_60b8b9eb71f62e16;C:\Users\wwwam\.jdks\openjdk-23.0.1\bin\server;C:\Users\wwwam\.gradle\native\c067742578af261105cb4f569cf0c3c89f3d7b1fecec35dd04571415982c5e48\windows-amd64;C:\Users\wwwam\.gradle\native\100fb08df4bc3b14c8652ba06237920a3bd2aa13389f12d3474272988ae205f9\windows-amd64

VM Arguments:
jvm_args: --add-opens=java.base/java.util=ALL-UNNAMED --add-opens=java.base/java.lang=ALL-UNNAMED --add-opens=java.base/java.lang.invoke=ALL-UNNAMED --add-opens=java.prefs/java.util.prefs=ALL-UNNAMED --add-exports=jdk.compiler/com.sun.tools.javac.api=ALL-UNNAMED --add-exports=jdk.compiler/com.sun.tools.javac.util=ALL-UNNAMED --add-opens=java.base/java.nio.charset=ALL-UNNAMED --add-opens=java.base/java.net=ALL-UNNAMED --add-opens=java.base/java.util.concurrent.atomic=ALL-UNNAMED -Xmx2048m -Dfile.encoding=UTF-8 -Duser.country=US -Duser.language=en -Duser.variant -javaagent:C:\Users\wwwam\.gradle\wrapper\dists\gradle-8.9-bin\90cnw93cvbtalezasaz0blq0a\gradle-8.9\lib\agents\gradle-instrumentation-agent-8.9.jar 
java_command: org.gradle.launcher.daemon.bootstrap.GradleDaemon 8.9
java_class_path (initial): C:\Users\wwwam\.gradle\wrapper\dists\gradle-8.9-bin\90cnw93cvbtalezasaz0blq0a\gradle-8.9\lib\gradle-daemon-main-8.9.jar
Launcher Type: SUN_STANDARD

[Global flags]
     intx CICompilerCount                          = 3                                         {product} {ergonomic}
     uint ConcGCThreads                            = 1                                         {product} {ergonomic}
     uint G1ConcRefinementThreads                  = 4                                         {product} {ergonomic}
   size_t G1HeapRegionSize                         = 1048576                                   {product} {ergonomic}
   size_t InitialHeapSize                          = 67108864                                  {product} {ergonomic}
   size_t MarkStackSize                            = 4194304                                   {product} {ergonomic}
   size_t MarkStackSizeMax                         = 536870912                                 {product} {ergonomic}
   size_t MaxHeapSize                              = 2147483648                                {product} {command line}
   size_t MaxNewSize                               = 1287651328                                {product} {ergonomic}
   size_t MinHeapDeltaBytes                        = 1048576                                   {product} {ergonomic}
   size_t MinHeapSize                              = 8388608                                   {product} {ergonomic}
    uintx NonNMethodCodeHeapSize                   = 5832704                                {pd product} {ergonomic}
    uintx NonProfiledCodeHeapSize                  = 122945536                              {pd product} {ergonomic}
    uintx ProfiledCodeHeapSize                     = 122880000                              {pd product} {ergonomic}
    uintx ReservedCodeCacheSize                    = 251658240                              {pd product} {ergonomic}
     bool SegmentedCodeCache                       = true                                      {product} {ergonomic}
   size_t SoftMaxHeapSize                          = 2147483648                             {manageable} {ergonomic}
     bool UseCompressedOops                        = true                           {product lp64_product} {ergonomic}
     bool UseG1GC                                  = true                                      {product} {ergonomic}
     bool UseLargePagesIndividualAllocation        = false                                  {pd product} {ergonomic}

Logging:
Log output configuration:
 #0: stdout all=warning uptime,level,tags foldmultilines=false
 #1: stderr all=off uptime,level,tags foldmultilines=false

Environment Variables:
PATH=C:\Program Files (x86)\Common Files\Oracle\Java\javapath;C:\Python311\Scripts\;C:\Python311\;C:\WINDOWS\system32;C:\WINDOWS;C:\WINDOWS\System32\Wbem;C:\WINDOWS\System32\WindowsPowerShell\v1.0\;C:\WINDOWS\System32\OpenSSH\;C:\Program Files (x86)\HP\Common\HPDestPlgIn\;C:\Program Files\PuTTY\;C:\ProgramData\chocolatey\bin;C:\Program Files\nodejs\;C:\Program Files\nodejs\node_modules\npm;C:\ProgramData\ComposerSetup\bin;C:\Program Files\Git\cmd;C:\mingw64\bin;;C:\Program Files\gettext-iconv\bin;C:\Program Files (x86)\Gpg4win\..\GnuPG\bin;C:\Users\wwwam\AppData\Local\Microsoft\WindowsApps;C:\Users\wwwam\Desktop\php;C:\Users\wwwam\AppData\Local\Programs\Microsoft VS Code\bin;C:\Users\wwwam\AppData\Roaming\npm;C:\Users\wwwam\AppData\Roaming\Composer\vendor\bin;C:\Program Files\JetBrains\IntelliJ IDEA Community Edition 2024.2.4\bin
USERNAME=wwwam
OS=Windows_NT
PROCESSOR_IDENTIFIER=Intel64 Family 6 Model 69 Stepping 1, GenuineIntel
TMP=C:\Users\wwwam\AppData\Local\Temp
TEMP=C:\Users\wwwam\AppData\Local\Temp




Periodic native trim disabled

---------------  S Y S T E M  ---------------

OS:
 Windows 10 , 64 bit Build 19041 (10.0.19041.5198)
OS uptime: 0 days 10:05 hours

CPU: total 4 (initial active 4) (2 cores per cpu, 2 threads per core) family 6 model 69 stepping 1 microcode 0x25, cx8, cmov, fxsr, ht, mmx, sse, sse2, sse3, ssse3, sse4.1, sse4.2, popcnt, lzcnt, tsc, tscinvbit, avx, avx2, aes, erms, clmul, bmi1, bmi2, fma, vzeroupper, clflush, rdtscp, f16c
Processor Information for the first 4 processors :
  Max Mhz: 1701, Current Mhz: 782, Mhz Limit: 1683

Memory: 4k page, system-wide physical 4013M (252M free)
TotalPageFile size 6807M (AvailPageFile size 23M)
current process WorkingSet (physical memory assigned to process): 484M, peak: 490M
current process commit charge ("private bytes"): 649M, peak: 676M

vm_info: OpenJDK 64-Bit Server VM (23.0.1+11-39) for windows-amd64 JRE (23.0.1+11-39), built on 2024-09-30T07:20:43Z with MS VC++ 17.6 (VS2022)

END.
